{"meta": {"format": 3, "version": "7.8.2", "timestamp": "2025-06-21T19:25:50.237264", "branch_coverage": true, "show_contexts": true}, "files": {"application/__init__.py": {"executed_lines": [], "summary": {"covered_lines": 0, "num_statements": 0, "percent_covered": 100.0, "percent_covered_display": "100", "missing_lines": 0, "excluded_lines": 0, "num_branches": 0, "num_partial_branches": 0, "covered_branches": 0, "missing_branches": 0}, "missing_lines": [], "excluded_lines": [], "contexts": {}, "executed_branches": [], "missing_branches": [], "functions": {"": {"executed_lines": [], "summary": {"covered_lines": 0, "num_statements": 0, "percent_covered": 100.0, "percent_covered_display": "100", "missing_lines": 0, "excluded_lines": 0, "num_branches": 0, "num_partial_branches": 0, "covered_branches": 0, "missing_branches": 0}, "missing_lines": [], "excluded_lines": [], "contexts": {}, "executed_branches": [], "missing_branches": []}}, "classes": {"": {"executed_lines": [], "summary": {"covered_lines": 0, "num_statements": 0, "percent_covered": 100.0, "percent_covered_display": "100", "missing_lines": 0, "excluded_lines": 0, "num_branches": 0, "num_partial_branches": 0, "covered_branches": 0, "missing_branches": 0}, "missing_lines": [], "excluded_lines": [], "contexts": {}, "executed_branches": [], "missing_branches": []}}}, "application/composition_root.py": {"executed_lines": [2, 5, 8, 9, 12, 13, 14, 15, 16, 17, 18, 19, 20, 23, 24, 25, 26, 27, 28, 31, 32, 36, 37, 40, 44, 45, 46, 47, 50, 54, 61, 64, 71, 77, 80, 89, 91, 92, 94, 96, 98, 106, 107, 114, 118, 120, 139, 140, 148, 149, 150, 151, 165], "summary": {"covered_lines": 51, "num_statements": 71, "percent_covered": 65.88235294117646, "percent_covered_display": "66", "missing_lines": 20, "excluded_lines": 0, "num_branches": 14, "num_partial_branches": 5, "covered_branches": 5, "missing_branches": 9}, "missing_lines": [93, 100, 101, 112, 121, 123, 124, 131, 132, 153, 154, 156, 161, 162, 169, 172, 173, 175, 177, 178], "excluded_lines": [], "contexts": {"149": [""], "118": [""], "98": [""], "92": [""], "37": [""], "31": [""], "2": [""], "5": [""], "8": [""], "9": [""], "12": [""], "13": [""], "14": [""], "15": [""], "16": [""], "17": [""], "18": [""], "19": [""], "20": [""], "23": [""], "24": [""], "25": [""], "26": [""], "27": [""], "28": [""], "32": [""], "165": [""], "36": [""], "91": [""], "40": [""], "41": [""], "44": [""], "42": [""], "45": [""], "46": [""], "47": [""], "50": [""], "51": [""], "54": [""], "52": [""], "55": [""], "61": [""], "56": [""], "57": [""], "64": [""], "65": [""], "71": [""], "66": [""], "67": [""], "68": [""], "72": [""], "77": [""], "73": [""], "80": [""], "81": [""], "89": [""], "82": [""], "83": [""], "84": [""], "85": [""], "86": [""], "96": [""], "94": [""], "114": [""], "106": [""], "107": [""], "108": [""], "109": [""], "148": [""], "120": [""], "139": [""], "140": [""], "141": [""], "142": [""], "143": [""], "144": [""], "145": [""], "150": [""], "151": [""]}, "executed_branches": [[92, 94], [98, 106], [106, 107], [120, 139], [149, 150]], "missing_branches": [[92, 93], [98, 100], [106, 112], [120, 121], [121, 123], [121, 131], [149, 153], [172, 173], [172, 175]], "functions": {"CompositionRoot.__init__": {"executed_lines": [37, 40, 44, 45, 46, 47, 50, 54, 61, 64, 71, 77, 80, 89], "summary": {"covered_lines": 14, "num_statements": 14, "percent_covered": 100.0, "percent_covered_display": "100", "missing_lines": 0, "excluded_lines": 0, "num_branches": 0, "num_partial_branches": 0, "covered_branches": 0, "missing_branches": 0}, "missing_lines": [], "excluded_lines": [], "contexts": {"149": [""], "118": [""], "98": [""], "92": [""], "37": [""], "31": [""], "2": [""], "5": [""], "8": [""], "9": [""], "12": [""], "13": [""], "14": [""], "15": [""], "16": [""], "17": [""], "18": [""], "19": [""], "20": [""], "23": [""], "24": [""], "25": [""], "26": [""], "27": [""], "28": [""], "32": [""], "165": [""], "36": [""], "91": [""], "40": [""], "41": [""], "44": [""], "42": [""], "45": [""], "46": [""], "47": [""], "50": [""], "51": [""], "54": [""], "52": [""], "55": [""], "61": [""], "56": [""], "57": [""], "64": [""], "65": [""], "71": [""], "66": [""], "67": [""], "68": [""], "72": [""], "77": [""], "73": [""], "80": [""], "81": [""], "89": [""], "82": [""], "83": [""], "84": [""], "85": [""], "86": [""], "96": [""], "94": [""], "114": [""], "106": [""], "107": [""], "108": [""], "109": [""], "148": [""], "120": [""], "139": [""], "140": [""], "141": [""], "142": [""], "143": [""], "144": [""], "145": [""], "150": [""], "151": [""]}, "executed_branches": [], "missing_branches": []}, "CompositionRoot._create_llm_provider": {"executed_lines": [92, 94], "summary": {"covered_lines": 2, "num_statements": 3, "percent_covered": 60.0, "percent_covered_display": "60", "missing_lines": 1, "excluded_lines": 0, "num_branches": 2, "num_partial_branches": 1, "covered_branches": 1, "missing_branches": 1}, "missing_lines": [93], "excluded_lines": [], "contexts": {"149": [""], "118": [""], "98": [""], "92": [""], "37": [""], "31": [""], "2": [""], "5": [""], "8": [""], "9": [""], "12": [""], "13": [""], "14": [""], "15": [""], "16": [""], "17": [""], "18": [""], "19": [""], "20": [""], "23": [""], "24": [""], "25": [""], "26": [""], "27": [""], "28": [""], "32": [""], "165": [""], "36": [""], "91": [""], "40": [""], "41": [""], "44": [""], "42": [""], "45": [""], "46": [""], "47": [""], "50": [""], "51": [""], "54": [""], "52": [""], "55": [""], "61": [""], "56": [""], "57": [""], "64": [""], "65": [""], "71": [""], "66": [""], "67": [""], "68": [""], "72": [""], "77": [""], "73": [""], "80": [""], "81": [""], "89": [""], "82": [""], "83": [""], "84": [""], "85": [""], "86": [""], "96": [""], "94": [""], "114": [""], "106": [""], "107": [""], "108": [""], "109": [""], "148": [""], "120": [""], "139": [""], "140": [""], "141": [""], "142": [""], "143": [""], "144": [""], "145": [""], "150": [""], "151": [""]}, "executed_branches": [[92, 94]], "missing_branches": [[92, 93]]}, "CompositionRoot._create_enhanced_tts_engine": {"executed_lines": [98, 106, 107], "summary": {"covered_lines": 3, "num_statements": 6, "percent_covered": 50.0, "percent_covered_display": "50", "missing_lines": 3, "excluded_lines": 0, "num_branches": 4, "num_partial_branches": 2, "covered_branches": 2, "missing_branches": 2}, "missing_lines": [100, 101, 112], "excluded_lines": [], "contexts": {"149": [""], "118": [""], "98": [""], "92": [""], "37": [""], "31": [""], "2": [""], "5": [""], "8": [""], "9": [""], "12": [""], "13": [""], "14": [""], "15": [""], "16": [""], "17": [""], "18": [""], "19": [""], "20": [""], "23": [""], "24": [""], "25": [""], "26": [""], "27": [""], "28": [""], "32": [""], "165": [""], "36": [""], "91": [""], "40": [""], "41": [""], "44": [""], "42": [""], "45": [""], "46": [""], "47": [""], "50": [""], "51": [""], "54": [""], "52": [""], "55": [""], "61": [""], "56": [""], "57": [""], "64": [""], "65": [""], "71": [""], "66": [""], "67": [""], "68": [""], "72": [""], "77": [""], "73": [""], "80": [""], "81": [""], "89": [""], "82": [""], "83": [""], "84": [""], "85": [""], "86": [""], "96": [""], "94": [""], "114": [""], "106": [""], "107": [""], "108": [""], "109": [""], "148": [""], "120": [""], "139": [""], "140": [""], "141": [""], "142": [""], "143": [""], "144": [""], "145": [""], "150": [""], "151": [""]}, "executed_branches": [[98, 106], [106, 107]], "missing_branches": [[98, 100], [106, 112]]}, "CompositionRoot._create_enhanced_timing_strategy": {"executed_lines": [118, 120, 139, 140], "summary": {"covered_lines": 4, "num_statements": 9, "percent_covered": 38.46153846153846, "percent_covered_display": "38", "missing_lines": 5, "excluded_lines": 0, "num_branches": 4, "num_partial_branches": 1, "covered_branches": 1, "missing_branches": 3}, "missing_lines": [121, 123, 124, 131, 132], "excluded_lines": [], "contexts": {"149": [""], "118": [""], "98": [""], "92": [""], "37": [""], "31": [""], "2": [""], "5": [""], "8": [""], "9": [""], "12": [""], "13": [""], "14": [""], "15": [""], "16": [""], "17": [""], "18": [""], "19": [""], "20": [""], "23": [""], "24": [""], "25": [""], "26": [""], "27": [""], "28": [""], "32": [""], "165": [""], "36": [""], "91": [""], "40": [""], "41": [""], "44": [""], "42": [""], "45": [""], "46": [""], "47": [""], "50": [""], "51": [""], "54": [""], "52": [""], "55": [""], "61": [""], "56": [""], "57": [""], "64": [""], "65": [""], "71": [""], "66": [""], "67": [""], "68": [""], "72": [""], "77": [""], "73": [""], "80": [""], "81": [""], "89": [""], "82": [""], "83": [""], "84": [""], "85": [""], "86": [""], "96": [""], "94": [""], "114": [""], "106": [""], "107": [""], "108": [""], "109": [""], "148": [""], "120": [""], "139": [""], "140": [""], "141": [""], "142": [""], "143": [""], "144": [""], "145": [""], "150": [""], "151": [""]}, "executed_branches": [[120, 139]], "missing_branches": [[120, 121], [121, 123], [121, 131]]}, "CompositionRoot._create_and_start_scheduler": {"executed_lines": [149, 150, 151], "summary": {"covered_lines": 3, "num_statements": 8, "percent_covered": 40.0, "percent_covered_display": "40", "missing_lines": 5, "excluded_lines": 0, "num_branches": 2, "num_partial_branches": 1, "covered_branches": 1, "missing_branches": 1}, "missing_lines": [153, 154, 156, 161, 162], "excluded_lines": [], "contexts": {"149": [""], "118": [""], "98": [""], "92": [""], "37": [""], "31": [""], "2": [""], "5": [""], "8": [""], "9": [""], "12": [""], "13": [""], "14": [""], "15": [""], "16": [""], "17": [""], "18": [""], "19": [""], "20": [""], "23": [""], "24": [""], "25": [""], "26": [""], "27": [""], "28": [""], "32": [""], "165": [""], "36": [""], "91": [""], "40": [""], "41": [""], "44": [""], "42": [""], "45": [""], "46": [""], "47": [""], "50": [""], "51": [""], "54": [""], "52": [""], "55": [""], "61": [""], "56": [""], "57": [""], "64": [""], "65": [""], "71": [""], "66": [""], "67": [""], "68": [""], "72": [""], "77": [""], "73": [""], "80": [""], "81": [""], "89": [""], "82": [""], "83": [""], "84": [""], "85": [""], "86": [""], "96": [""], "94": [""], "114": [""], "106": [""], "107": [""], "108": [""], "109": [""], "148": [""], "120": [""], "139": [""], "140": [""], "141": [""], "142": [""], "143": [""], "144": [""], "145": [""], "150": [""], "151": [""]}, "executed_branches": [[149, 150]], "missing_branches": [[149, 153]]}, "create_pdf_service_from_env": {"executed_lines": [], "summary": {"covered_lines": 0, "num_statements": 6, "percent_covered": 0.0, "percent_covered_display": "0", "missing_lines": 6, "excluded_lines": 0, "num_branches": 2, "num_partial_branches": 0, "covered_branches": 0, "missing_branches": 2}, "missing_lines": [169, 172, 173, 175, 177, 178], "excluded_lines": [], "contexts": {"149": [""], "118": [""], "98": [""], "92": [""], "37": [""], "31": [""], "2": [""], "5": [""], "8": [""], "9": [""], "12": [""], "13": [""], "14": [""], "15": [""], "16": [""], "17": [""], "18": [""], "19": [""], "20": [""], "23": [""], "24": [""], "25": [""], "26": [""], "27": [""], "28": [""], "32": [""], "165": [""], "36": [""], "91": [""], "40": [""], "41": [""], "44": [""], "42": [""], "45": [""], "46": [""], "47": [""], "50": [""], "51": [""], "54": [""], "52": [""], "55": [""], "61": [""], "56": [""], "57": [""], "64": [""], "65": [""], "71": [""], "66": [""], "67": [""], "68": [""], "72": [""], "77": [""], "73": [""], "80": [""], "81": [""], "89": [""], "82": [""], "83": [""], "84": [""], "85": [""], "86": [""], "96": [""], "94": [""], "114": [""], "106": [""], "107": [""], "108": [""], "109": [""], "148": [""], "120": [""], "139": [""], "140": [""], "141": [""], "142": [""], "143": [""], "144": [""], "145": [""], "150": [""], "151": [""]}, "executed_branches": [], "missing_branches": [[172, 173], [172, 175]]}, "": {"executed_lines": [2, 5, 8, 9, 12, 13, 14, 15, 16, 17, 18, 19, 20, 23, 24, 25, 26, 27, 28, 31, 32, 36, 91, 96, 114, 148, 165], "summary": {"covered_lines": 25, "num_statements": 25, "percent_covered": 100.0, "percent_covered_display": "100", "missing_lines": 0, "excluded_lines": 0, "num_branches": 0, "num_partial_branches": 0, "covered_branches": 0, "missing_branches": 0}, "missing_lines": [], "excluded_lines": [], "contexts": {"149": [""], "118": [""], "98": [""], "92": [""], "37": [""], "31": [""], "2": [""], "5": [""], "8": [""], "9": [""], "12": [""], "13": [""], "14": [""], "15": [""], "16": [""], "17": [""], "18": [""], "19": [""], "20": [""], "23": [""], "24": [""], "25": [""], "26": [""], "27": [""], "28": [""], "32": [""], "165": [""], "36": [""], "91": [""], "40": [""], "41": [""], "44": [""], "42": [""], "45": [""], "46": [""], "47": [""], "50": [""], "51": [""], "54": [""], "52": [""], "55": [""], "61": [""], "56": [""], "57": [""], "64": [""], "65": [""], "71": [""], "66": [""], "67": [""], "68": [""], "72": [""], "77": [""], "73": [""], "80": [""], "81": [""], "89": [""], "82": [""], "83": [""], "84": [""], "85": [""], "86": [""], "96": [""], "94": [""], "114": [""], "106": [""], "107": [""], "108": [""], "109": [""], "148": [""], "120": [""], "139": [""], "140": [""], "141": [""], "142": [""], "143": [""], "144": [""], "145": [""], "150": [""], "151": [""]}, "executed_branches": [], "missing_branches": []}}, "classes": {"CompositionRoot": {"executed_lines": [37, 40, 44, 45, 46, 47, 50, 54, 61, 64, 71, 77, 80, 89, 92, 94, 98, 106, 107, 118, 120, 139, 140, 149, 150, 151], "summary": {"covered_lines": 26, "num_statements": 40, "percent_covered": 59.61538461538461, "percent_covered_display": "60", "missing_lines": 14, "excluded_lines": 0, "num_branches": 12, "num_partial_branches": 5, "covered_branches": 5, "missing_branches": 7}, "missing_lines": [93, 100, 101, 112, 121, 123, 124, 131, 132, 153, 154, 156, 161, 162], "excluded_lines": [], "contexts": {"149": [""], "118": [""], "98": [""], "92": [""], "37": [""], "31": [""], "2": [""], "5": [""], "8": [""], "9": [""], "12": [""], "13": [""], "14": [""], "15": [""], "16": [""], "17": [""], "18": [""], "19": [""], "20": [""], "23": [""], "24": [""], "25": [""], "26": [""], "27": [""], "28": [""], "32": [""], "165": [""], "36": [""], "91": [""], "40": [""], "41": [""], "44": [""], "42": [""], "45": [""], "46": [""], "47": [""], "50": [""], "51": [""], "54": [""], "52": [""], "55": [""], "61": [""], "56": [""], "57": [""], "64": [""], "65": [""], "71": [""], "66": [""], "67": [""], "68": [""], "72": [""], "77": [""], "73": [""], "80": [""], "81": [""], "89": [""], "82": [""], "83": [""], "84": [""], "85": [""], "86": [""], "96": [""], "94": [""], "114": [""], "106": [""], "107": [""], "108": [""], "109": [""], "148": [""], "120": [""], "139": [""], "140": [""], "141": [""], "142": [""], "143": [""], "144": [""], "145": [""], "150": [""], "151": [""]}, "executed_branches": [[92, 94], [98, 106], [106, 107], [120, 139], [149, 150]], "missing_branches": [[92, 93], [98, 100], [106, 112], [120, 121], [121, 123], [121, 131], [149, 153]]}, "": {"executed_lines": [2, 5, 8, 9, 12, 13, 14, 15, 16, 17, 18, 19, 20, 23, 24, 25, 26, 27, 28, 31, 32, 36, 91, 96, 114, 148, 165], "summary": {"covered_lines": 25, "num_statements": 31, "percent_covered": 75.75757575757575, "percent_covered_display": "76", "missing_lines": 6, "excluded_lines": 0, "num_branches": 2, "num_partial_branches": 0, "covered_branches": 0, "missing_branches": 2}, "missing_lines": [169, 172, 173, 175, 177, 178], "excluded_lines": [], "contexts": {"149": [""], "118": [""], "98": [""], "92": [""], "37": [""], "31": [""], "2": [""], "5": [""], "8": [""], "9": [""], "12": [""], "13": [""], "14": [""], "15": [""], "16": [""], "17": [""], "18": [""], "19": [""], "20": [""], "23": [""], "24": [""], "25": [""], "26": [""], "27": [""], "28": [""], "32": [""], "165": [""], "36": [""], "91": [""], "40": [""], "41": [""], "44": [""], "42": [""], "45": [""], "46": [""], "47": [""], "50": [""], "51": [""], "54": [""], "52": [""], "55": [""], "61": [""], "56": [""], "57": [""], "64": [""], "65": [""], "71": [""], "66": [""], "67": [""], "68": [""], "72": [""], "77": [""], "73": [""], "80": [""], "81": [""], "89": [""], "82": [""], "83": [""], "84": [""], "85": [""], "86": [""], "96": [""], "94": [""], "114": [""], "106": [""], "107": [""], "108": [""], "109": [""], "148": [""], "120": [""], "139": [""], "140": [""], "141": [""], "142": [""], "143": [""], "144": [""], "145": [""], "150": [""], "151": [""]}, "executed_branches": [], "missing_branches": [[172, 173], [172, 175]]}}}, "application/config/system_config.py": {"executed_lines": [2, 3, 4, 5, 8, 9, 10, 13, 14, 15, 18, 21, 22, 23, 26, 27, 28, 29, 30, 31, 34, 35, 36, 37, 40, 41, 42, 43, 46, 47, 48, 51, 52, 53, 56, 57, 58, 61, 62, 63, 64, 67, 68, 69, 72, 73, 76, 77, 78, 81, 82, 83, 85, 87, 89, 90, 91, 92, 93, 95, 96, 100, 101, 102, 108, 165, 166, 168, 172, 183, 184, 188, 193, 197, 198, 202, 210, 211, 213, 214, 215, 216, 218, 219, 221, 222, 223, 237, 238, 240, 241, 242, 256, 265, 267, 268, 274], "summary": {"covered_lines": 96, "num_statements": 156, "percent_covered": 53.92156862745098, "percent_covered_display": "54", "missing_lines": 60, "excluded_lines": 0, "num_branches": 48, "num_partial_branches": 10, "covered_branches": 14, "missing_branches": 34}, "missing_lines": [103, 104, 105, 173, 174, 178, 179, 185, 194, 199, 203, 204, 205, 206, 207, 208, 225, 226, 227, 228, 230, 231, 232, 233, 235, 244, 245, 246, 247, 249, 250, 251, 252, 254, 258, 259, 276, 277, 278, 279, 280, 281, 282, 283, 284, 285, 286, 289, 290, 291, 292, 293, 295, 296, 297, 298, 299, 300, 301, 303], "excluded_lines": [], "contexts": {"267": [""], "240": [""], "221": [""], "213": [""], "172": [""], "100": [""], "93": [""], "90": [""], "87": [""], "13": [""], "8": [""], "2": [""], "3": [""], "4": [""], "5": [""], "9": [""], "10": [""], "14": [""], "15": [""], "18": [""], "21": [""], "22": [""], "23": [""], "26": [""], "27": [""], "28": [""], "29": [""], "30": [""], "31": [""], "34": [""], "35": [""], "36": [""], "37": [""], "40": [""], "41": [""], "42": [""], "43": [""], "46": [""], "47": [""], "48": [""], "51": [""], "52": [""], "53": [""], "56": [""], "57": [""], "58": [""], "61": [""], "62": [""], "63": [""], "64": [""], "67": [""], "68": [""], "69": [""], "72": [""], "73": [""], "76": [""], "77": [""], "78": [""], "81": [""], "82": [""], "83": [""], "85": [""], "95": [""], "89": [""], "91": [""], "92": [""], "96": [""], "168": [""], "101": [""], "102": [""], "108": [""], "109": [""], "110": [""], "111": [""], "112": [""], "113": [""], "114": [""], "115": [""], "116": [""], "117": [""], "118": [""], "121": [""], "122": [""], "123": [""], "124": [""], "126": [""], "127": [""], "128": [""], "129": [""], "130": [""], "131": [""], "132": [""], "135": [""], "136": [""], "137": [""], "140": [""], "141": [""], "142": [""], "145": [""], "146": [""], "147": [""], "150": [""], "151": [""], "152": [""], "155": [""], "156": [""], "157": [""], "160": [""], "161": [""], "165": [""], "166": [""], "210": [""], "183": [""], "184": [""], "189": [""], "188": [""], "193": [""], "197": [""], "190": [""], "191": [""], "198": [""], "202": [""], "211": [""], "218": [""], "214": [""], "215": [""], "216": [""], "219": [""], "237": [""], "222": [""], "223": [""], "238": [""], "256": [""], "241": [""], "242": [""], "265": [""], "274": [""], "268": [""], "269": [""], "270": [""], "271": [""]}, "executed_branches": [[87, 89], [91, 92], [172, 183], [183, 184], [184, 188], [188, 193], [188, 197], [193, 188], [198, 202], [202, -168], [214, 215], [214, 216], [222, 223], [241, 242]], "missing_branches": [[87, 91], [91, -85], [172, 173], [173, 174], [173, 178], [178, 179], [178, 183], [183, 188], [184, 185], [193, 194], [198, 199], [202, 203], [203, 204], [203, 205], [205, 206], [205, 207], [207, -168], [207, 208], [222, 225], [230, 231], [230, 232], [232, 233], [232, 235], [241, 244], [249, 250], [249, 251], [251, 252], [251, 254], [290, 291], [290, 295], [295, 296], [295, 299], [299, 300], [299, 303]], "functions": {"SystemConfig.__post_init__": {"executed_lines": [87, 89, 90, 91, 92, 93], "summary": {"covered_lines": 6, "num_statements": 6, "percent_covered": 80.0, "percent_covered_display": "80", "missing_lines": 0, "excluded_lines": 0, "num_branches": 4, "num_partial_branches": 2, "covered_branches": 2, "missing_branches": 2}, "missing_lines": [], "excluded_lines": [], "contexts": {"267": [""], "240": [""], "221": [""], "213": [""], "172": [""], "100": [""], "93": [""], "90": [""], "87": [""], "13": [""], "8": [""], "2": [""], "3": [""], "4": [""], "5": [""], "9": [""], "10": [""], "14": [""], "15": [""], "18": [""], "21": [""], "22": [""], "23": [""], "26": [""], "27": [""], "28": [""], "29": [""], "30": [""], "31": [""], "34": [""], "35": [""], "36": [""], "37": [""], "40": [""], "41": [""], "42": [""], "43": [""], "46": [""], "47": [""], "48": [""], "51": [""], "52": [""], "53": [""], "56": [""], "57": [""], "58": [""], "61": [""], "62": [""], "63": [""], "64": [""], "67": [""], "68": [""], "69": [""], "72": [""], "73": [""], "76": [""], "77": [""], "78": [""], "81": [""], "82": [""], "83": [""], "85": [""], "95": [""], "89": [""], "91": [""], "92": [""], "96": [""], "168": [""], "101": [""], "102": [""], "108": [""], "109": [""], "110": [""], "111": [""], "112": [""], "113": [""], "114": [""], "115": [""], "116": [""], "117": [""], "118": [""], "121": [""], "122": [""], "123": [""], "124": [""], "126": [""], "127": [""], "128": [""], "129": [""], "130": [""], "131": [""], "132": [""], "135": [""], "136": [""], "137": [""], "140": [""], "141": [""], "142": [""], "145": [""], "146": [""], "147": [""], "150": [""], "151": [""], "152": [""], "155": [""], "156": [""], "157": [""], "160": [""], "161": [""], "165": [""], "166": [""], "210": [""], "183": [""], "184": [""], "189": [""], "188": [""], "193": [""], "197": [""], "190": [""], "191": [""], "198": [""], "202": [""], "211": [""], "218": [""], "214": [""], "215": [""], "216": [""], "219": [""], "237": [""], "222": [""], "223": [""], "238": [""], "256": [""], "241": [""], "242": [""], "265": [""], "274": [""], "268": [""], "269": [""], "270": [""], "271": [""]}, "executed_branches": [[87, 89], [91, 92]], "missing_branches": [[87, 91], [91, -85]]}, "SystemConfig.from_env": {"executed_lines": [100, 101, 102, 108, 165, 166], "summary": {"covered_lines": 6, "num_statements": 9, "percent_covered": 66.66666666666667, "percent_covered_display": "67", "missing_lines": 3, "excluded_lines": 0, "num_branches": 0, "num_partial_branches": 0, "covered_branches": 0, "missing_branches": 0}, "missing_lines": [103, 104, 105], "excluded_lines": [], "contexts": {"267": [""], "240": [""], "221": [""], "213": [""], "172": [""], "100": [""], "93": [""], "90": [""], "87": [""], "13": [""], "8": [""], "2": [""], "3": [""], "4": [""], "5": [""], "9": [""], "10": [""], "14": [""], "15": [""], "18": [""], "21": [""], "22": [""], "23": [""], "26": [""], "27": [""], "28": [""], "29": [""], "30": [""], "31": [""], "34": [""], "35": [""], "36": [""], "37": [""], "40": [""], "41": [""], "42": [""], "43": [""], "46": [""], "47": [""], "48": [""], "51": [""], "52": [""], "53": [""], "56": [""], "57": [""], "58": [""], "61": [""], "62": [""], "63": [""], "64": [""], "67": [""], "68": [""], "69": [""], "72": [""], "73": [""], "76": [""], "77": [""], "78": [""], "81": [""], "82": [""], "83": [""], "85": [""], "95": [""], "89": [""], "91": [""], "92": [""], "96": [""], "168": [""], "101": [""], "102": [""], "108": [""], "109": [""], "110": [""], "111": [""], "112": [""], "113": [""], "114": [""], "115": [""], "116": [""], "117": [""], "118": [""], "121": [""], "122": [""], "123": [""], "124": [""], "126": [""], "127": [""], "128": [""], "129": [""], "130": [""], "131": [""], "132": [""], "135": [""], "136": [""], "137": [""], "140": [""], "141": [""], "142": [""], "145": [""], "146": [""], "147": [""], "150": [""], "151": [""], "152": [""], "155": [""], "156": [""], "157": [""], "160": [""], "161": [""], "165": [""], "166": [""], "210": [""], "183": [""], "184": [""], "189": [""], "188": [""], "193": [""], "197": [""], "190": [""], "191": [""], "198": [""], "202": [""], "211": [""], "218": [""], "214": [""], "215": [""], "216": [""], "219": [""], "237": [""], "222": [""], "223": [""], "238": [""], "256": [""], "241": [""], "242": [""], "265": [""], "274": [""], "268": [""], "269": [""], "270": [""], "271": [""]}, "executed_branches": [], "missing_branches": []}, "SystemConfig.validate": {"executed_lines": [172, 183, 184, 188, 193, 197, 198, 202], "summary": {"covered_lines": 8, "num_statements": 21, "percent_covered": 35.55555555555556, "percent_covered_display": "36", "missing_lines": 13, "excluded_lines": 0, "num_branches": 24, "num_partial_branches": 6, "covered_branches": 8, "missing_branches": 16}, "missing_lines": [173, 174, 178, 179, 185, 194, 199, 203, 204, 205, 206, 207, 208], "excluded_lines": [], "contexts": {"267": [""], "240": [""], "221": [""], "213": [""], "172": [""], "100": [""], "93": [""], "90": [""], "87": [""], "13": [""], "8": [""], "2": [""], "3": [""], "4": [""], "5": [""], "9": [""], "10": [""], "14": [""], "15": [""], "18": [""], "21": [""], "22": [""], "23": [""], "26": [""], "27": [""], "28": [""], "29": [""], "30": [""], "31": [""], "34": [""], "35": [""], "36": [""], "37": [""], "40": [""], "41": [""], "42": [""], "43": [""], "46": [""], "47": [""], "48": [""], "51": [""], "52": [""], "53": [""], "56": [""], "57": [""], "58": [""], "61": [""], "62": [""], "63": [""], "64": [""], "67": [""], "68": [""], "69": [""], "72": [""], "73": [""], "76": [""], "77": [""], "78": [""], "81": [""], "82": [""], "83": [""], "85": [""], "95": [""], "89": [""], "91": [""], "92": [""], "96": [""], "168": [""], "101": [""], "102": [""], "108": [""], "109": [""], "110": [""], "111": [""], "112": [""], "113": [""], "114": [""], "115": [""], "116": [""], "117": [""], "118": [""], "121": [""], "122": [""], "123": [""], "124": [""], "126": [""], "127": [""], "128": [""], "129": [""], "130": [""], "131": [""], "132": [""], "135": [""], "136": [""], "137": [""], "140": [""], "141": [""], "142": [""], "145": [""], "146": [""], "147": [""], "150": [""], "151": [""], "152": [""], "155": [""], "156": [""], "157": [""], "160": [""], "161": [""], "165": [""], "166": [""], "210": [""], "183": [""], "184": [""], "189": [""], "188": [""], "193": [""], "197": [""], "190": [""], "191": [""], "198": [""], "202": [""], "211": [""], "218": [""], "214": [""], "215": [""], "216": [""], "219": [""], "237": [""], "222": [""], "223": [""], "238": [""], "256": [""], "241": [""], "242": [""], "265": [""], "274": [""], "268": [""], "269": [""], "270": [""], "271": [""]}, "executed_branches": [[172, 183], [183, 184], [184, 188], [188, 193], [188, 197], [193, 188], [198, 202], [202, -168]], "missing_branches": [[172, 173], [173, 174], [173, 178], [178, 179], [178, 183], [183, 188], [184, 185], [193, 194], [198, 199], [202, 203], [203, 204], [203, 205], [205, 206], [205, 207], [207, -168], [207, 208]]}, "SystemConfig._parse_bool": {"executed_lines": [213, 214, 215, 216], "summary": {"covered_lines": 4, "num_statements": 4, "percent_covered": 100.0, "percent_covered_display": "100", "missing_lines": 0, "excluded_lines": 0, "num_branches": 2, "num_partial_branches": 0, "covered_branches": 2, "missing_branches": 0}, "missing_lines": [], "excluded_lines": [], "contexts": {"267": [""], "240": [""], "221": [""], "213": [""], "172": [""], "100": [""], "93": [""], "90": [""], "87": [""], "13": [""], "8": [""], "2": [""], "3": [""], "4": [""], "5": [""], "9": [""], "10": [""], "14": [""], "15": [""], "18": [""], "21": [""], "22": [""], "23": [""], "26": [""], "27": [""], "28": [""], "29": [""], "30": [""], "31": [""], "34": [""], "35": [""], "36": [""], "37": [""], "40": [""], "41": [""], "42": [""], "43": [""], "46": [""], "47": [""], "48": [""], "51": [""], "52": [""], "53": [""], "56": [""], "57": [""], "58": [""], "61": [""], "62": [""], "63": [""], "64": [""], "67": [""], "68": [""], "69": [""], "72": [""], "73": [""], "76": [""], "77": [""], "78": [""], "81": [""], "82": [""], "83": [""], "85": [""], "95": [""], "89": [""], "91": [""], "92": [""], "96": [""], "168": [""], "101": [""], "102": [""], "108": [""], "109": [""], "110": [""], "111": [""], "112": [""], "113": [""], "114": [""], "115": [""], "116": [""], "117": [""], "118": [""], "121": [""], "122": [""], "123": [""], "124": [""], "126": [""], "127": [""], "128": [""], "129": [""], "130": [""], "131": [""], "132": [""], "135": [""], "136": [""], "137": [""], "140": [""], "141": [""], "142": [""], "145": [""], "146": [""], "147": [""], "150": [""], "151": [""], "152": [""], "155": [""], "156": [""], "157": [""], "160": [""], "161": [""], "165": [""], "166": [""], "210": [""], "183": [""], "184": [""], "189": [""], "188": [""], "193": [""], "197": [""], "190": [""], "191": [""], "198": [""], "202": [""], "211": [""], "218": [""], "214": [""], "215": [""], "216": [""], "219": [""], "237": [""], "222": [""], "223": [""], "238": [""], "256": [""], "241": [""], "242": [""], "265": [""], "274": [""], "268": [""], "269": [""], "270": [""], "271": [""]}, "executed_branches": [[214, 215], [214, 216]], "missing_branches": []}, "SystemConfig._parse_int": {"executed_lines": [221, 222, 223], "summary": {"covered_lines": 3, "num_statements": 12, "percent_covered": 22.22222222222222, "percent_covered_display": "22", "missing_lines": 9, "excluded_lines": 0, "num_branches": 6, "num_partial_branches": 1, "covered_branches": 1, "missing_branches": 5}, "missing_lines": [225, 226, 227, 228, 230, 231, 232, 233, 235], "excluded_lines": [], "contexts": {"267": [""], "240": [""], "221": [""], "213": [""], "172": [""], "100": [""], "93": [""], "90": [""], "87": [""], "13": [""], "8": [""], "2": [""], "3": [""], "4": [""], "5": [""], "9": [""], "10": [""], "14": [""], "15": [""], "18": [""], "21": [""], "22": [""], "23": [""], "26": [""], "27": [""], "28": [""], "29": [""], "30": [""], "31": [""], "34": [""], "35": [""], "36": [""], "37": [""], "40": [""], "41": [""], "42": [""], "43": [""], "46": [""], "47": [""], "48": [""], "51": [""], "52": [""], "53": [""], "56": [""], "57": [""], "58": [""], "61": [""], "62": [""], "63": [""], "64": [""], "67": [""], "68": [""], "69": [""], "72": [""], "73": [""], "76": [""], "77": [""], "78": [""], "81": [""], "82": [""], "83": [""], "85": [""], "95": [""], "89": [""], "91": [""], "92": [""], "96": [""], "168": [""], "101": [""], "102": [""], "108": [""], "109": [""], "110": [""], "111": [""], "112": [""], "113": [""], "114": [""], "115": [""], "116": [""], "117": [""], "118": [""], "121": [""], "122": [""], "123": [""], "124": [""], "126": [""], "127": [""], "128": [""], "129": [""], "130": [""], "131": [""], "132": [""], "135": [""], "136": [""], "137": [""], "140": [""], "141": [""], "142": [""], "145": [""], "146": [""], "147": [""], "150": [""], "151": [""], "152": [""], "155": [""], "156": [""], "157": [""], "160": [""], "161": [""], "165": [""], "166": [""], "210": [""], "183": [""], "184": [""], "189": [""], "188": [""], "193": [""], "197": [""], "190": [""], "191": [""], "198": [""], "202": [""], "211": [""], "218": [""], "214": [""], "215": [""], "216": [""], "219": [""], "237": [""], "222": [""], "223": [""], "238": [""], "256": [""], "241": [""], "242": [""], "265": [""], "274": [""], "268": [""], "269": [""], "270": [""], "271": [""]}, "executed_branches": [[222, 223]], "missing_branches": [[222, 225], [230, 231], [230, 232], [232, 233], [232, 235]]}, "SystemConfig._parse_float": {"executed_lines": [240, 241, 242], "summary": {"covered_lines": 3, "num_statements": 12, "percent_covered": 22.22222222222222, "percent_covered_display": "22", "missing_lines": 9, "excluded_lines": 0, "num_branches": 6, "num_partial_branches": 1, "covered_branches": 1, "missing_branches": 5}, "missing_lines": [244, 245, 246, 247, 249, 250, 251, 252, 254], "excluded_lines": [], "contexts": {"267": [""], "240": [""], "221": [""], "213": [""], "172": [""], "100": [""], "93": [""], "90": [""], "87": [""], "13": [""], "8": [""], "2": [""], "3": [""], "4": [""], "5": [""], "9": [""], "10": [""], "14": [""], "15": [""], "18": [""], "21": [""], "22": [""], "23": [""], "26": [""], "27": [""], "28": [""], "29": [""], "30": [""], "31": [""], "34": [""], "35": [""], "36": [""], "37": [""], "40": [""], "41": [""], "42": [""], "43": [""], "46": [""], "47": [""], "48": [""], "51": [""], "52": [""], "53": [""], "56": [""], "57": [""], "58": [""], "61": [""], "62": [""], "63": [""], "64": [""], "67": [""], "68": [""], "69": [""], "72": [""], "73": [""], "76": [""], "77": [""], "78": [""], "81": [""], "82": [""], "83": [""], "85": [""], "95": [""], "89": [""], "91": [""], "92": [""], "96": [""], "168": [""], "101": [""], "102": [""], "108": [""], "109": [""], "110": [""], "111": [""], "112": [""], "113": [""], "114": [""], "115": [""], "116": [""], "117": [""], "118": [""], "121": [""], "122": [""], "123": [""], "124": [""], "126": [""], "127": [""], "128": [""], "129": [""], "130": [""], "131": [""], "132": [""], "135": [""], "136": [""], "137": [""], "140": [""], "141": [""], "142": [""], "145": [""], "146": [""], "147": [""], "150": [""], "151": [""], "152": [""], "155": [""], "156": [""], "157": [""], "160": [""], "161": [""], "165": [""], "166": [""], "210": [""], "183": [""], "184": [""], "189": [""], "188": [""], "193": [""], "197": [""], "190": [""], "191": [""], "198": [""], "202": [""], "211": [""], "218": [""], "214": [""], "215": [""], "216": [""], "219": [""], "237": [""], "222": [""], "223": [""], "238": [""], "256": [""], "241": [""], "242": [""], "265": [""], "274": [""], "268": [""], "269": [""], "270": [""], "271": [""]}, "executed_branches": [[241, 242]], "missing_branches": [[241, 244], [249, 250], [249, 251], [251, 252], [251, 254]]}, "SystemConfig.get_gemini_config": {"executed_lines": [], "summary": {"covered_lines": 0, "num_statements": 2, "percent_covered": 0.0, "percent_covered_display": "0", "missing_lines": 2, "excluded_lines": 0, "num_branches": 0, "num_partial_branches": 0, "covered_branches": 0, "missing_branches": 0}, "missing_lines": [258, 259], "excluded_lines": [], "contexts": {"267": [""], "240": [""], "221": [""], "213": [""], "172": [""], "100": [""], "93": [""], "90": [""], "87": [""], "13": [""], "8": [""], "2": [""], "3": [""], "4": [""], "5": [""], "9": [""], "10": [""], "14": [""], "15": [""], "18": [""], "21": [""], "22": [""], "23": [""], "26": [""], "27": [""], "28": [""], "29": [""], "30": [""], "31": [""], "34": [""], "35": [""], "36": [""], "37": [""], "40": [""], "41": [""], "42": [""], "43": [""], "46": [""], "47": [""], "48": [""], "51": [""], "52": [""], "53": [""], "56": [""], "57": [""], "58": [""], "61": [""], "62": [""], "63": [""], "64": [""], "67": [""], "68": [""], "69": [""], "72": [""], "73": [""], "76": [""], "77": [""], "78": [""], "81": [""], "82": [""], "83": [""], "85": [""], "95": [""], "89": [""], "91": [""], "92": [""], "96": [""], "168": [""], "101": [""], "102": [""], "108": [""], "109": [""], "110": [""], "111": [""], "112": [""], "113": [""], "114": [""], "115": [""], "116": [""], "117": [""], "118": [""], "121": [""], "122": [""], "123": [""], "124": [""], "126": [""], "127": [""], "128": [""], "129": [""], "130": [""], "131": [""], "132": [""], "135": [""], "136": [""], "137": [""], "140": [""], "141": [""], "142": [""], "145": [""], "146": [""], "147": [""], "150": [""], "151": [""], "152": [""], "155": [""], "156": [""], "157": [""], "160": [""], "161": [""], "165": [""], "166": [""], "210": [""], "183": [""], "184": [""], "189": [""], "188": [""], "193": [""], "197": [""], "190": [""], "191": [""], "198": [""], "202": [""], "211": [""], "218": [""], "214": [""], "215": [""], "216": [""], "219": [""], "237": [""], "222": [""], "223": [""], "238": [""], "256": [""], "241": [""], "242": [""], "265": [""], "274": [""], "268": [""], "269": [""], "270": [""], "271": [""]}, "executed_branches": [], "missing_branches": []}, "SystemConfig.get_piper_config": {"executed_lines": [267, 268], "summary": {"covered_lines": 2, "num_statements": 2, "percent_covered": 100.0, "percent_covered_display": "100", "missing_lines": 0, "excluded_lines": 0, "num_branches": 0, "num_partial_branches": 0, "covered_branches": 0, "missing_branches": 0}, "missing_lines": [], "excluded_lines": [], "contexts": {"267": [""], "240": [""], "221": [""], "213": [""], "172": [""], "100": [""], "93": [""], "90": [""], "87": [""], "13": [""], "8": [""], "2": [""], "3": [""], "4": [""], "5": [""], "9": [""], "10": [""], "14": [""], "15": [""], "18": [""], "21": [""], "22": [""], "23": [""], "26": [""], "27": [""], "28": [""], "29": [""], "30": [""], "31": [""], "34": [""], "35": [""], "36": [""], "37": [""], "40": [""], "41": [""], "42": [""], "43": [""], "46": [""], "47": [""], "48": [""], "51": [""], "52": [""], "53": [""], "56": [""], "57": [""], "58": [""], "61": [""], "62": [""], "63": [""], "64": [""], "67": [""], "68": [""], "69": [""], "72": [""], "73": [""], "76": [""], "77": [""], "78": [""], "81": [""], "82": [""], "83": [""], "85": [""], "95": [""], "89": [""], "91": [""], "92": [""], "96": [""], "168": [""], "101": [""], "102": [""], "108": [""], "109": [""], "110": [""], "111": [""], "112": [""], "113": [""], "114": [""], "115": [""], "116": [""], "117": [""], "118": [""], "121": [""], "122": [""], "123": [""], "124": [""], "126": [""], "127": [""], "128": [""], "129": [""], "130": [""], "131": [""], "132": [""], "135": [""], "136": [""], "137": [""], "140": [""], "141": [""], "142": [""], "145": [""], "146": [""], "147": [""], "150": [""], "151": [""], "152": [""], "155": [""], "156": [""], "157": [""], "160": [""], "161": [""], "165": [""], "166": [""], "210": [""], "183": [""], "184": [""], "189": [""], "188": [""], "193": [""], "197": [""], "190": [""], "191": [""], "198": [""], "202": [""], "211": [""], "218": [""], "214": [""], "215": [""], "216": [""], "219": [""], "237": [""], "222": [""], "223": [""], "238": [""], "256": [""], "241": [""], "242": [""], "265": [""], "274": [""], "268": [""], "269": [""], "270": [""], "271": [""]}, "executed_branches": [], "missing_branches": []}, "SystemConfig.print_summary": {"executed_lines": [], "summary": {"covered_lines": 0, "num_statements": 24, "percent_covered": 0.0, "percent_covered_display": "0", "missing_lines": 24, "excluded_lines": 0, "num_branches": 6, "num_partial_branches": 0, "covered_branches": 0, "missing_branches": 6}, "missing_lines": [276, 277, 278, 279, 280, 281, 282, 283, 284, 285, 286, 289, 290, 291, 292, 293, 295, 296, 297, 298, 299, 300, 301, 303], "excluded_lines": [], "contexts": {"267": [""], "240": [""], "221": [""], "213": [""], "172": [""], "100": [""], "93": [""], "90": [""], "87": [""], "13": [""], "8": [""], "2": [""], "3": [""], "4": [""], "5": [""], "9": [""], "10": [""], "14": [""], "15": [""], "18": [""], "21": [""], "22": [""], "23": [""], "26": [""], "27": [""], "28": [""], "29": [""], "30": [""], "31": [""], "34": [""], "35": [""], "36": [""], "37": [""], "40": [""], "41": [""], "42": [""], "43": [""], "46": [""], "47": [""], "48": [""], "51": [""], "52": [""], "53": [""], "56": [""], "57": [""], "58": [""], "61": [""], "62": [""], "63": [""], "64": [""], "67": [""], "68": [""], "69": [""], "72": [""], "73": [""], "76": [""], "77": [""], "78": [""], "81": [""], "82": [""], "83": [""], "85": [""], "95": [""], "89": [""], "91": [""], "92": [""], "96": [""], "168": [""], "101": [""], "102": [""], "108": [""], "109": [""], "110": [""], "111": [""], "112": [""], "113": [""], "114": [""], "115": [""], "116": [""], "117": [""], "118": [""], "121": [""], "122": [""], "123": [""], "124": [""], "126": [""], "127": [""], "128": [""], "129": [""], "130": [""], "131": [""], "132": [""], "135": [""], "136": [""], "137": [""], "140": [""], "141": [""], "142": [""], "145": [""], "146": [""], "147": [""], "150": [""], "151": [""], "152": [""], "155": [""], "156": [""], "157": [""], "160": [""], "161": [""], "165": [""], "166": [""], "210": [""], "183": [""], "184": [""], "189": [""], "188": [""], "193": [""], "197": [""], "190": [""], "191": [""], "198": [""], "202": [""], "211": [""], "218": [""], "214": [""], "215": [""], "216": [""], "219": [""], "237": [""], "222": [""], "223": [""], "238": [""], "256": [""], "241": [""], "242": [""], "265": [""], "274": [""], "268": [""], "269": [""], "270": [""], "271": [""]}, "executed_branches": [], "missing_branches": [[290, 291], [290, 295], [295, 296], [295, 299], [299, 300], [299, 303]]}, "": {"executed_lines": [2, 3, 4, 5, 8, 9, 10, 13, 14, 15, 18, 21, 22, 23, 26, 27, 28, 29, 30, 31, 34, 35, 36, 37, 40, 41, 42, 43, 46, 47, 48, 51, 52, 53, 56, 57, 58, 61, 62, 63, 64, 67, 68, 69, 72, 73, 76, 77, 78, 81, 82, 83, 85, 95, 96, 168, 210, 211, 218, 219, 237, 238, 256, 265, 274], "summary": {"covered_lines": 64, "num_statements": 64, "percent_covered": 100.0, "percent_covered_display": "100", "missing_lines": 0, "excluded_lines": 0, "num_branches": 0, "num_partial_branches": 0, "covered_branches": 0, "missing_branches": 0}, "missing_lines": [], "excluded_lines": [], "contexts": {"267": [""], "240": [""], "221": [""], "213": [""], "172": [""], "100": [""], "93": [""], "90": [""], "87": [""], "13": [""], "8": [""], "2": [""], "3": [""], "4": [""], "5": [""], "9": [""], "10": [""], "14": [""], "15": [""], "18": [""], "21": [""], "22": [""], "23": [""], "26": [""], "27": [""], "28": [""], "29": [""], "30": [""], "31": [""], "34": [""], "35": [""], "36": [""], "37": [""], "40": [""], "41": [""], "42": [""], "43": [""], "46": [""], "47": [""], "48": [""], "51": [""], "52": [""], "53": [""], "56": [""], "57": [""], "58": [""], "61": [""], "62": [""], "63": [""], "64": [""], "67": [""], "68": [""], "69": [""], "72": [""], "73": [""], "76": [""], "77": [""], "78": [""], "81": [""], "82": [""], "83": [""], "85": [""], "95": [""], "89": [""], "91": [""], "92": [""], "96": [""], "168": [""], "101": [""], "102": [""], "108": [""], "109": [""], "110": [""], "111": [""], "112": [""], "113": [""], "114": [""], "115": [""], "116": [""], "117": [""], "118": [""], "121": [""], "122": [""], "123": [""], "124": [""], "126": [""], "127": [""], "128": [""], "129": [""], "130": [""], "131": [""], "132": [""], "135": [""], "136": [""], "137": [""], "140": [""], "141": [""], "142": [""], "145": [""], "146": [""], "147": [""], "150": [""], "151": [""], "152": [""], "155": [""], "156": [""], "157": [""], "160": [""], "161": [""], "165": [""], "166": [""], "210": [""], "183": [""], "184": [""], "189": [""], "188": [""], "193": [""], "197": [""], "190": [""], "191": [""], "198": [""], "202": [""], "211": [""], "218": [""], "214": [""], "215": [""], "216": [""], "219": [""], "237": [""], "222": [""], "223": [""], "238": [""], "256": [""], "241": [""], "242": [""], "265": [""], "274": [""], "268": [""], "269": [""], "270": [""], "271": [""]}, "executed_branches": [], "missing_branches": []}}, "classes": {"TTSEngine": {"executed_lines": [], "summary": {"covered_lines": 0, "num_statements": 0, "percent_covered": 100.0, "percent_covered_display": "100", "missing_lines": 0, "excluded_lines": 0, "num_branches": 0, "num_partial_branches": 0, "covered_branches": 0, "missing_branches": 0}, "missing_lines": [], "excluded_lines": [], "contexts": {"267": [""], "240": [""], "221": [""], "213": [""], "172": [""], "100": [""], "93": [""], "90": [""], "87": [""], "13": [""], "8": [""], "2": [""], "3": [""], "4": [""], "5": [""], "9": [""], "10": [""], "14": [""], "15": [""], "18": [""], "21": [""], "22": [""], "23": [""], "26": [""], "27": [""], "28": [""], "29": [""], "30": [""], "31": [""], "34": [""], "35": [""], "36": [""], "37": [""], "40": [""], "41": [""], "42": [""], "43": [""], "46": [""], "47": [""], "48": [""], "51": [""], "52": [""], "53": [""], "56": [""], "57": [""], "58": [""], "61": [""], "62": [""], "63": [""], "64": [""], "67": [""], "68": [""], "69": [""], "72": [""], "73": [""], "76": [""], "77": [""], "78": [""], "81": [""], "82": [""], "83": [""], "85": [""], "95": [""], "89": [""], "91": [""], "92": [""], "96": [""], "168": [""], "101": [""], "102": [""], "108": [""], "109": [""], "110": [""], "111": [""], "112": [""], "113": [""], "114": [""], "115": [""], "116": [""], "117": [""], "118": [""], "121": [""], "122": [""], "123": [""], "124": [""], "126": [""], "127": [""], "128": [""], "129": [""], "130": [""], "131": [""], "132": [""], "135": [""], "136": [""], "137": [""], "140": [""], "141": [""], "142": [""], "145": [""], "146": [""], "147": [""], "150": [""], "151": [""], "152": [""], "155": [""], "156": [""], "157": [""], "160": [""], "161": [""], "165": [""], "166": [""], "210": [""], "183": [""], "184": [""], "189": [""], "188": [""], "193": [""], "197": [""], "190": [""], "191": [""], "198": [""], "202": [""], "211": [""], "218": [""], "214": [""], "215": [""], "216": [""], "219": [""], "237": [""], "222": [""], "223": [""], "238": [""], "256": [""], "241": [""], "242": [""], "265": [""], "274": [""], "268": [""], "269": [""], "270": [""], "271": [""]}, "executed_branches": [], "missing_branches": []}, "SystemConfig": {"executed_lines": [87, 89, 90, 91, 92, 93, 100, 101, 102, 108, 165, 166, 172, 183, 184, 188, 193, 197, 198, 202, 213, 214, 215, 216, 221, 222, 223, 240, 241, 242, 267, 268], "summary": {"covered_lines": 32, "num_statements": 92, "percent_covered": 32.857142857142854, "percent_covered_display": "33", "missing_lines": 60, "excluded_lines": 0, "num_branches": 48, "num_partial_branches": 10, "covered_branches": 14, "missing_branches": 34}, "missing_lines": [103, 104, 105, 173, 174, 178, 179, 185, 194, 199, 203, 204, 205, 206, 207, 208, 225, 226, 227, 228, 230, 231, 232, 233, 235, 244, 245, 246, 247, 249, 250, 251, 252, 254, 258, 259, 276, 277, 278, 279, 280, 281, 282, 283, 284, 285, 286, 289, 290, 291, 292, 293, 295, 296, 297, 298, 299, 300, 301, 303], "excluded_lines": [], "contexts": {"267": [""], "240": [""], "221": [""], "213": [""], "172": [""], "100": [""], "93": [""], "90": [""], "87": [""], "13": [""], "8": [""], "2": [""], "3": [""], "4": [""], "5": [""], "9": [""], "10": [""], "14": [""], "15": [""], "18": [""], "21": [""], "22": [""], "23": [""], "26": [""], "27": [""], "28": [""], "29": [""], "30": [""], "31": [""], "34": [""], "35": [""], "36": [""], "37": [""], "40": [""], "41": [""], "42": [""], "43": [""], "46": [""], "47": [""], "48": [""], "51": [""], "52": [""], "53": [""], "56": [""], "57": [""], "58": [""], "61": [""], "62": [""], "63": [""], "64": [""], "67": [""], "68": [""], "69": [""], "72": [""], "73": [""], "76": [""], "77": [""], "78": [""], "81": [""], "82": [""], "83": [""], "85": [""], "95": [""], "89": [""], "91": [""], "92": [""], "96": [""], "168": [""], "101": [""], "102": [""], "108": [""], "109": [""], "110": [""], "111": [""], "112": [""], "113": [""], "114": [""], "115": [""], "116": [""], "117": [""], "118": [""], "121": [""], "122": [""], "123": [""], "124": [""], "126": [""], "127": [""], "128": [""], "129": [""], "130": [""], "131": [""], "132": [""], "135": [""], "136": [""], "137": [""], "140": [""], "141": [""], "142": [""], "145": [""], "146": [""], "147": [""], "150": [""], "151": [""], "152": [""], "155": [""], "156": [""], "157": [""], "160": [""], "161": [""], "165": [""], "166": [""], "210": [""], "183": [""], "184": [""], "189": [""], "188": [""], "193": [""], "197": [""], "190": [""], "191": [""], "198": [""], "202": [""], "211": [""], "218": [""], "214": [""], "215": [""], "216": [""], "219": [""], "237": [""], "222": [""], "223": [""], "238": [""], "256": [""], "241": [""], "242": [""], "265": [""], "274": [""], "268": [""], "269": [""], "270": [""], "271": [""]}, "executed_branches": [[87, 89], [91, 92], [172, 183], [183, 184], [184, 188], [188, 193], [188, 197], [193, 188], [198, 202], [202, -168], [214, 215], [214, 216], [222, 223], [241, 242]], "missing_branches": [[87, 91], [91, -85], [172, 173], [173, 174], [173, 178], [178, 179], [178, 183], [183, 188], [184, 185], [193, 194], [198, 199], [202, 203], [203, 204], [203, 205], [205, 206], [205, 207], [207, -168], [207, 208], [222, 225], [230, 231], [230, 232], [232, 233], [232, 235], [241, 244], [249, 250], [249, 251], [251, 252], [251, 254], [290, 291], [290, 295], [295, 296], [295, 299], [299, 300], [299, 303]]}, "": {"executed_lines": [2, 3, 4, 5, 8, 9, 10, 13, 14, 15, 18, 21, 22, 23, 26, 27, 28, 29, 30, 31, 34, 35, 36, 37, 40, 41, 42, 43, 46, 47, 48, 51, 52, 53, 56, 57, 58, 61, 62, 63, 64, 67, 68, 69, 72, 73, 76, 77, 78, 81, 82, 83, 85, 95, 96, 168, 210, 211, 218, 219, 237, 238, 256, 265, 274], "summary": {"covered_lines": 64, "num_statements": 64, "percent_covered": 100.0, "percent_covered_display": "100", "missing_lines": 0, "excluded_lines": 0, "num_branches": 0, "num_partial_branches": 0, "covered_branches": 0, "missing_branches": 0}, "missing_lines": [], "excluded_lines": [], "contexts": {"267": [""], "240": [""], "221": [""], "213": [""], "172": [""], "100": [""], "93": [""], "90": [""], "87": [""], "13": [""], "8": [""], "2": [""], "3": [""], "4": [""], "5": [""], "9": [""], "10": [""], "14": [""], "15": [""], "18": [""], "21": [""], "22": [""], "23": [""], "26": [""], "27": [""], "28": [""], "29": [""], "30": [""], "31": [""], "34": [""], "35": [""], "36": [""], "37": [""], "40": [""], "41": [""], "42": [""], "43": [""], "46": [""], "47": [""], "48": [""], "51": [""], "52": [""], "53": [""], "56": [""], "57": [""], "58": [""], "61": [""], "62": [""], "63": [""], "64": [""], "67": [""], "68": [""], "69": [""], "72": [""], "73": [""], "76": [""], "77": [""], "78": [""], "81": [""], "82": [""], "83": [""], "85": [""], "95": [""], "89": [""], "91": [""], "92": [""], "96": [""], "168": [""], "101": [""], "102": [""], "108": [""], "109": [""], "110": [""], "111": [""], "112": [""], "113": [""], "114": [""], "115": [""], "116": [""], "117": [""], "118": [""], "121": [""], "122": [""], "123": [""], "124": [""], "126": [""], "127": [""], "128": [""], "129": [""], "130": [""], "131": [""], "132": [""], "135": [""], "136": [""], "137": [""], "140": [""], "141": [""], "142": [""], "145": [""], "146": [""], "147": [""], "150": [""], "151": [""], "152": [""], "155": [""], "156": [""], "157": [""], "160": [""], "161": [""], "165": [""], "166": [""], "210": [""], "183": [""], "184": [""], "189": [""], "188": [""], "193": [""], "197": [""], "190": [""], "191": [""], "198": [""], "202": [""], "211": [""], "218": [""], "214": [""], "215": [""], "216": [""], "219": [""], "237": [""], "222": [""], "223": [""], "238": [""], "256": [""], "241": [""], "242": [""], "265": [""], "274": [""], "268": [""], "269": [""], "270": [""], "271": [""]}, "executed_branches": [], "missing_branches": []}}}, "application/services/__init__.py": {"executed_lines": [], "summary": {"covered_lines": 0, "num_statements": 0, "percent_covered": 100.0, "percent_covered_display": "100", "missing_lines": 0, "excluded_lines": 0, "num_branches": 0, "num_partial_branches": 0, "covered_branches": 0, "missing_branches": 0}, "missing_lines": [], "excluded_lines": [], "contexts": {}, "executed_branches": [], "missing_branches": [], "functions": {"": {"executed_lines": [], "summary": {"covered_lines": 0, "num_statements": 0, "percent_covered": 100.0, "percent_covered_display": "100", "missing_lines": 0, "excluded_lines": 0, "num_branches": 0, "num_partial_branches": 0, "covered_branches": 0, "missing_branches": 0}, "missing_lines": [], "excluded_lines": [], "contexts": {}, "executed_branches": [], "missing_branches": []}}, "classes": {"": {"executed_lines": [], "summary": {"covered_lines": 0, "num_statements": 0, "percent_covered": 100.0, "percent_covered_display": "100", "missing_lines": 0, "excluded_lines": 0, "num_branches": 0, "num_partial_branches": 0, "covered_branches": 0, "missing_branches": 0}, "missing_lines": [], "excluded_lines": [], "contexts": {}, "executed_branches": [], "missing_branches": []}}}, "application/services/pdf_processing.py": {"executed_lines": [1, 6, 7, 8, 10, 11, 14, 22, 23, 24, 25, 28, 29, 35, 44, 45, 46, 47, 48, 49, 50, 53, 55, 57, 59, 61, 113, 186, 222], "summary": {"covered_lines": 27, "num_statements": 114, "percent_covered": 19.014084507042252, "percent_covered_display": "19", "missing_lines": 87, "excluded_lines": 0, "num_branches": 28, "num_partial_branches": 0, "covered_branches": 0, "missing_branches": 28}, "missing_lines": [71, 73, 74, 75, 76, 77, 79, 80, 81, 84, 90, 91, 96, 106, 107, 108, 124, 127, 129, 130, 131, 134, 135, 137, 138, 140, 141, 142, 144, 145, 146, 149, 150, 151, 152, 153, 154, 157, 158, 160, 161, 162, 163, 165, 166, 174, 179, 180, 181, 183, 184, 191, 192, 193, 194, 196, 197, 198, 200, 201, 204, 205, 206, 208, 209, 211, 213, 214, 215, 217, 218, 219, 220, 224, 225, 227, 229, 230, 231, 233, 236, 237, 238, 239, 240, 243, 244], "excluded_lines": [], "contexts": {"59": [""], "55": [""], "44": [""], "28": [""], "1": [""], "6": [""], "7": [""], "8": [""], "10": [""], "11": [""], "14": [""], "22": [""], "23": [""], "24": [""], "25": [""], "29": [""], "42": [""], "35": [""], "37": [""], "38": [""], "39": [""], "40": [""], "41": [""], "53": [""], "45": [""], "46": [""], "47": [""], "48": [""], "49": [""], "50": [""], "57": [""], "61": [""], "117": [""], "113": [""], "115": [""], "116": [""], "118": [""], "186": [""], "222": [""]}, "executed_branches": [], "missing_branches": [[74, 75], [74, 84], [77, 79], [77, 81], [90, 91], [90, 96], [129, 130], [129, 134], [140, 141], [140, 149], [161, 162], [161, 165], [162, 163], [162, 165], [165, 166], [165, 174], [196, 197], [196, 217], [197, 198], [197, 200], [204, 205], [204, 211], [208, 209], [208, 211], [211, 196], [211, 213], [214, 196], [214, 215]], "functions": {"PDFProcessingService.__init__": {"executed_lines": [44, 45, 46, 47, 48, 49, 50], "summary": {"covered_lines": 7, "num_statements": 7, "percent_covered": 100.0, "percent_covered_display": "100", "missing_lines": 0, "excluded_lines": 0, "num_branches": 0, "num_partial_branches": 0, "covered_branches": 0, "missing_branches": 0}, "missing_lines": [], "excluded_lines": [], "contexts": {"59": [""], "55": [""], "44": [""], "28": [""], "1": [""], "6": [""], "7": [""], "8": [""], "10": [""], "11": [""], "14": [""], "22": [""], "23": [""], "24": [""], "25": [""], "29": [""], "42": [""], "35": [""], "37": [""], "38": [""], "39": [""], "40": [""], "41": [""], "53": [""], "45": [""], "46": [""], "47": [""], "48": [""], "49": [""], "50": [""], "57": [""], "61": [""], "117": [""], "113": [""], "115": [""], "116": [""], "118": [""], "186": [""], "222": [""]}, "executed_branches": [], "missing_branches": []}, "PDFProcessingService.get_pdf_info": {"executed_lines": [55], "summary": {"covered_lines": 1, "num_statements": 1, "percent_covered": 100.0, "percent_covered_display": "100", "missing_lines": 0, "excluded_lines": 0, "num_branches": 0, "num_partial_branches": 0, "covered_branches": 0, "missing_branches": 0}, "missing_lines": [], "excluded_lines": [], "contexts": {"59": [""], "55": [""], "44": [""], "28": [""], "1": [""], "6": [""], "7": [""], "8": [""], "10": [""], "11": [""], "14": [""], "22": [""], "23": [""], "24": [""], "25": [""], "29": [""], "42": [""], "35": [""], "37": [""], "38": [""], "39": [""], "40": [""], "41": [""], "53": [""], "45": [""], "46": [""], "47": [""], "48": [""], "49": [""], "50": [""], "57": [""], "61": [""], "117": [""], "113": [""], "115": [""], "116": [""], "118": [""], "186": [""], "222": [""]}, "executed_branches": [], "missing_branches": []}, "PDFProcessingService.validate_page_range": {"executed_lines": [59], "summary": {"covered_lines": 1, "num_statements": 1, "percent_covered": 100.0, "percent_covered_display": "100", "missing_lines": 0, "excluded_lines": 0, "num_branches": 0, "num_partial_branches": 0, "covered_branches": 0, "missing_branches": 0}, "missing_lines": [], "excluded_lines": [], "contexts": {"59": [""], "55": [""], "44": [""], "28": [""], "1": [""], "6": [""], "7": [""], "8": [""], "10": [""], "11": [""], "14": [""], "22": [""], "23": [""], "24": [""], "25": [""], "29": [""], "42": [""], "35": [""], "37": [""], "38": [""], "39": [""], "40": [""], "41": [""], "53": [""], "45": [""], "46": [""], "47": [""], "48": [""], "49": [""], "50": [""], "57": [""], "61": [""], "117": [""], "113": [""], "115": [""], "116": [""], "118": [""], "186": [""], "222": [""]}, "executed_branches": [], "missing_branches": []}, "PDFProcessingService.process_pdf": {"executed_lines": [], "summary": {"covered_lines": 0, "num_statements": 16, "percent_covered": 0.0, "percent_covered_display": "0", "missing_lines": 16, "excluded_lines": 0, "num_branches": 6, "num_partial_branches": 0, "covered_branches": 0, "missing_branches": 6}, "missing_lines": [71, 73, 74, 75, 76, 77, 79, 80, 81, 84, 90, 91, 96, 106, 107, 108], "excluded_lines": [], "contexts": {"59": [""], "55": [""], "44": [""], "28": [""], "1": [""], "6": [""], "7": [""], "8": [""], "10": [""], "11": [""], "14": [""], "22": [""], "23": [""], "24": [""], "25": [""], "29": [""], "42": [""], "35": [""], "37": [""], "38": [""], "39": [""], "40": [""], "41": [""], "53": [""], "45": [""], "46": [""], "47": [""], "48": [""], "49": [""], "50": [""], "57": [""], "61": [""], "117": [""], "113": [""], "115": [""], "116": [""], "118": [""], "186": [""], "222": [""]}, "executed_branches": [], "missing_branches": [[74, 75], [74, 84], [77, 79], [77, 81], [90, 91], [90, 96]]}, "PDFProcessingService.process_pdf_and_generate_audio": {"executed_lines": [], "summary": {"covered_lines": 0, "num_statements": 35, "percent_covered": 0.0, "percent_covered_display": "0", "missing_lines": 35, "excluded_lines": 0, "num_branches": 10, "num_partial_branches": 0, "covered_branches": 0, "missing_branches": 10}, "missing_lines": [124, 127, 129, 130, 131, 134, 135, 137, 138, 140, 141, 142, 144, 145, 146, 149, 150, 151, 152, 153, 154, 157, 158, 160, 161, 162, 163, 165, 166, 174, 179, 180, 181, 183, 184], "excluded_lines": [], "contexts": {"59": [""], "55": [""], "44": [""], "28": [""], "1": [""], "6": [""], "7": [""], "8": [""], "10": [""], "11": [""], "14": [""], "22": [""], "23": [""], "24": [""], "25": [""], "29": [""], "42": [""], "35": [""], "37": [""], "38": [""], "39": [""], "40": [""], "41": [""], "53": [""], "45": [""], "46": [""], "47": [""], "48": [""], "49": [""], "50": [""], "57": [""], "61": [""], "117": [""], "113": [""], "115": [""], "116": [""], "118": [""], "186": [""], "222": [""]}, "executed_branches": [], "missing_branches": [[129, 130], [129, 134], [140, 141], [140, 149], [161, 162], [161, 165], [162, 163], [162, 165], [165, 166], [165, 174]]}, "PDFProcessingService.extract_text": {"executed_lines": [], "summary": {"covered_lines": 0, "num_statements": 22, "percent_covered": 0.0, "percent_covered_display": "0", "missing_lines": 22, "excluded_lines": 0, "num_branches": 12, "num_partial_branches": 0, "covered_branches": 0, "missing_branches": 12}, "missing_lines": [191, 192, 193, 194, 196, 197, 198, 200, 201, 204, 205, 206, 208, 209, 211, 213, 214, 215, 217, 218, 219, 220], "excluded_lines": [], "contexts": {"59": [""], "55": [""], "44": [""], "28": [""], "1": [""], "6": [""], "7": [""], "8": [""], "10": [""], "11": [""], "14": [""], "22": [""], "23": [""], "24": [""], "25": [""], "29": [""], "42": [""], "35": [""], "37": [""], "38": [""], "39": [""], "40": [""], "41": [""], "53": [""], "45": [""], "46": [""], "47": [""], "48": [""], "49": [""], "50": [""], "57": [""], "61": [""], "117": [""], "113": [""], "115": [""], "116": [""], "118": [""], "186": [""], "222": [""]}, "executed_branches": [], "missing_branches": [[196, 197], [196, 217], [197, 198], [197, 200], [204, 205], [204, 211], [208, 209], [208, 211], [211, 196], [211, 213], [214, 196], [214, 215]]}, "PDFProcessingService._ocr_page": {"executed_lines": [], "summary": {"covered_lines": 0, "num_statements": 14, "percent_covered": 0.0, "percent_covered_display": "0", "missing_lines": 14, "excluded_lines": 0, "num_branches": 0, "num_partial_branches": 0, "covered_branches": 0, "missing_branches": 0}, "missing_lines": [224, 225, 227, 229, 230, 231, 233, 236, 237, 238, 239, 240, 243, 244], "excluded_lines": [], "contexts": {"59": [""], "55": [""], "44": [""], "28": [""], "1": [""], "6": [""], "7": [""], "8": [""], "10": [""], "11": [""], "14": [""], "22": [""], "23": [""], "24": [""], "25": [""], "29": [""], "42": [""], "35": [""], "37": [""], "38": [""], "39": [""], "40": [""], "41": [""], "53": [""], "45": [""], "46": [""], "47": [""], "48": [""], "49": [""], "50": [""], "57": [""], "61": [""], "117": [""], "113": [""], "115": [""], "116": [""], "118": [""], "186": [""], "222": [""]}, "executed_branches": [], "missing_branches": []}, "": {"executed_lines": [1, 6, 7, 8, 10, 11, 14, 22, 23, 24, 25, 28, 29, 35, 53, 57, 61, 113, 186, 222], "summary": {"covered_lines": 18, "num_statements": 18, "percent_covered": 100.0, "percent_covered_display": "100", "missing_lines": 0, "excluded_lines": 0, "num_branches": 0, "num_partial_branches": 0, "covered_branches": 0, "missing_branches": 0}, "missing_lines": [], "excluded_lines": [], "contexts": {"59": [""], "55": [""], "44": [""], "28": [""], "1": [""], "6": [""], "7": [""], "8": [""], "10": [""], "11": [""], "14": [""], "22": [""], "23": [""], "24": [""], "25": [""], "29": [""], "42": [""], "35": [""], "37": [""], "38": [""], "39": [""], "40": [""], "41": [""], "53": [""], "45": [""], "46": [""], "47": [""], "48": [""], "49": [""], "50": [""], "57": [""], "61": [""], "117": [""], "113": [""], "115": [""], "116": [""], "118": [""], "186": [""], "222": [""]}, "executed_branches": [], "missing_branches": []}}, "classes": {"PDFProcessingService": {"executed_lines": [44, 45, 46, 47, 48, 49, 50, 55, 59], "summary": {"covered_lines": 9, "num_statements": 96, "percent_covered": 7.258064516129032, "percent_covered_display": "7", "missing_lines": 87, "excluded_lines": 0, "num_branches": 28, "num_partial_branches": 0, "covered_branches": 0, "missing_branches": 28}, "missing_lines": [71, 73, 74, 75, 76, 77, 79, 80, 81, 84, 90, 91, 96, 106, 107, 108, 124, 127, 129, 130, 131, 134, 135, 137, 138, 140, 141, 142, 144, 145, 146, 149, 150, 151, 152, 153, 154, 157, 158, 160, 161, 162, 163, 165, 166, 174, 179, 180, 181, 183, 184, 191, 192, 193, 194, 196, 197, 198, 200, 201, 204, 205, 206, 208, 209, 211, 213, 214, 215, 217, 218, 219, 220, 224, 225, 227, 229, 230, 231, 233, 236, 237, 238, 239, 240, 243, 244], "excluded_lines": [], "contexts": {"59": [""], "55": [""], "44": [""], "28": [""], "1": [""], "6": [""], "7": [""], "8": [""], "10": [""], "11": [""], "14": [""], "22": [""], "23": [""], "24": [""], "25": [""], "29": [""], "42": [""], "35": [""], "37": [""], "38": [""], "39": [""], "40": [""], "41": [""], "53": [""], "45": [""], "46": [""], "47": [""], "48": [""], "49": [""], "50": [""], "57": [""], "61": [""], "117": [""], "113": [""], "115": [""], "116": [""], "118": [""], "186": [""], "222": [""]}, "executed_branches": [], "missing_branches": [[74, 75], [74, 84], [77, 79], [77, 81], [90, 91], [90, 96], [129, 130], [129, 134], [140, 141], [140, 149], [161, 162], [161, 165], [162, 163], [162, 165], [165, 166], [165, 174], [196, 197], [196, 217], [197, 198], [197, 200], [204, 205], [204, 211], [208, 209], [208, 211], [211, 196], [211, 213], [214, 196], [214, 215]]}, "": {"executed_lines": [1, 6, 7, 8, 10, 11, 14, 22, 23, 24, 25, 28, 29, 35, 53, 57, 61, 113, 186, 222], "summary": {"covered_lines": 18, "num_statements": 18, "percent_covered": 100.0, "percent_covered_display": "100", "missing_lines": 0, "excluded_lines": 0, "num_branches": 0, "num_partial_branches": 0, "covered_branches": 0, "missing_branches": 0}, "missing_lines": [], "excluded_lines": [], "contexts": {"59": [""], "55": [""], "44": [""], "28": [""], "1": [""], "6": [""], "7": [""], "8": [""], "10": [""], "11": [""], "14": [""], "22": [""], "23": [""], "24": [""], "25": [""], "29": [""], "42": [""], "35": [""], "37": [""], "38": [""], "39": [""], "40": [""], "41": [""], "53": [""], "45": [""], "46": [""], "47": [""], "48": [""], "49": [""], "50": [""], "57": [""], "61": [""], "117": [""], "113": [""], "115": [""], "116": [""], "118": [""], "186": [""], "222": [""]}, "executed_branches": [], "missing_branches": []}}}, "domain/__init__.py": {"executed_lines": [], "summary": {"covered_lines": 0, "num_statements": 0, "percent_covered": 100.0, "percent_covered_display": "100", "missing_lines": 0, "excluded_lines": 0, "num_branches": 0, "num_partial_branches": 0, "covered_branches": 0, "missing_branches": 0}, "missing_lines": [], "excluded_lines": [], "contexts": {}, "executed_branches": [], "missing_branches": [], "functions": {"": {"executed_lines": [], "summary": {"covered_lines": 0, "num_statements": 0, "percent_covered": 100.0, "percent_covered_display": "100", "missing_lines": 0, "excluded_lines": 0, "num_branches": 0, "num_partial_branches": 0, "covered_branches": 0, "missing_branches": 0}, "missing_lines": [], "excluded_lines": [], "contexts": {}, "executed_branches": [], "missing_branches": []}}, "classes": {"": {"executed_lines": [], "summary": {"covered_lines": 0, "num_statements": 0, "percent_covered": 100.0, "percent_covered_display": "100", "missing_lines": 0, "excluded_lines": 0, "num_branches": 0, "num_partial_branches": 0, "covered_branches": 0, "missing_branches": 0}, "missing_lines": [], "excluded_lines": [], "contexts": {}, "executed_branches": [], "missing_branches": []}}}, "domain/config/__init__.py": {"executed_lines": [2, 7], "summary": {"covered_lines": 2, "num_statements": 2, "percent_covered": 100.0, "percent_covered_display": "100", "missing_lines": 0, "excluded_lines": 0, "num_branches": 0, "num_partial_branches": 0, "covered_branches": 0, "missing_branches": 0}, "missing_lines": [], "excluded_lines": [], "contexts": {"2": [""], "8": [""], "7": [""], "9": [""]}, "executed_branches": [], "missing_branches": [], "functions": {"": {"executed_lines": [2, 7], "summary": {"covered_lines": 2, "num_statements": 2, "percent_covered": 100.0, "percent_covered_display": "100", "missing_lines": 0, "excluded_lines": 0, "num_branches": 0, "num_partial_branches": 0, "covered_branches": 0, "missing_branches": 0}, "missing_lines": [], "excluded_lines": [], "contexts": {"2": [""], "8": [""], "7": [""], "9": [""]}, "executed_branches": [], "missing_branches": []}}, "classes": {"": {"executed_lines": [2, 7], "summary": {"covered_lines": 2, "num_statements": 2, "percent_covered": 100.0, "percent_covered_display": "100", "missing_lines": 0, "excluded_lines": 0, "num_branches": 0, "num_partial_branches": 0, "covered_branches": 0, "missing_branches": 0}, "missing_lines": [], "excluded_lines": [], "contexts": {"2": [""], "8": [""], "7": [""], "9": [""]}, "executed_branches": [], "missing_branches": []}}}, "domain/config/tts_config.py": {"executed_lines": [2, 3, 6, 7, 8, 9, 10, 11, 12, 13, 14, 17, 18, 19, 20, 21, 22, 23, 24, 25, 26, 27, 28, 29], "summary": {"covered_lines": 22, "num_statements": 22, "percent_covered": 100.0, "percent_covered_display": "100", "missing_lines": 0, "excluded_lines": 0, "num_branches": 0, "num_partial_branches": 0, "covered_branches": 0, "missing_branches": 0}, "missing_lines": [], "excluded_lines": [], "contexts": {"17": [""], "6": [""], "2": [""], "3": [""], "7": [""], "8": [""], "9": [""], "10": [""], "11": [""], "12": [""], "13": [""], "14": [""], "18": [""], "19": [""], "20": [""], "21": [""], "22": [""], "23": [""], "24": [""], "25": [""], "26": [""], "27": [""], "28": [""], "29": [""]}, "executed_branches": [], "missing_branches": [], "functions": {"": {"executed_lines": [2, 3, 6, 7, 8, 9, 10, 11, 12, 13, 14, 17, 18, 19, 20, 21, 22, 23, 24, 25, 26, 27, 28, 29], "summary": {"covered_lines": 22, "num_statements": 22, "percent_covered": 100.0, "percent_covered_display": "100", "missing_lines": 0, "excluded_lines": 0, "num_branches": 0, "num_partial_branches": 0, "covered_branches": 0, "missing_branches": 0}, "missing_lines": [], "excluded_lines": [], "contexts": {"17": [""], "6": [""], "2": [""], "3": [""], "7": [""], "8": [""], "9": [""], "10": [""], "11": [""], "12": [""], "13": [""], "14": [""], "18": [""], "19": [""], "20": [""], "21": [""], "22": [""], "23": [""], "24": [""], "25": [""], "26": [""], "27": [""], "28": [""], "29": [""]}, "executed_branches": [], "missing_branches": []}}, "classes": {"GeminiConfig": {"executed_lines": [], "summary": {"covered_lines": 0, "num_statements": 0, "percent_covered": 100.0, "percent_covered_display": "100", "missing_lines": 0, "excluded_lines": 0, "num_branches": 0, "num_partial_branches": 0, "covered_branches": 0, "missing_branches": 0}, "missing_lines": [], "excluded_lines": [], "contexts": {"17": [""], "6": [""], "2": [""], "3": [""], "7": [""], "8": [""], "9": [""], "10": [""], "11": [""], "12": [""], "13": [""], "14": [""], "18": [""], "19": [""], "20": [""], "21": [""], "22": [""], "23": [""], "24": [""], "25": [""], "26": [""], "27": [""], "28": [""], "29": [""]}, "executed_branches": [], "missing_branches": []}, "PiperConfig": {"executed_lines": [], "summary": {"covered_lines": 0, "num_statements": 0, "percent_covered": 100.0, "percent_covered_display": "100", "missing_lines": 0, "excluded_lines": 0, "num_branches": 0, "num_partial_branches": 0, "covered_branches": 0, "missing_branches": 0}, "missing_lines": [], "excluded_lines": [], "contexts": {"17": [""], "6": [""], "2": [""], "3": [""], "7": [""], "8": [""], "9": [""], "10": [""], "11": [""], "12": [""], "13": [""], "14": [""], "18": [""], "19": [""], "20": [""], "21": [""], "22": [""], "23": [""], "24": [""], "25": [""], "26": [""], "27": [""], "28": [""], "29": [""]}, "executed_branches": [], "missing_branches": []}, "": {"executed_lines": [2, 3, 6, 7, 8, 9, 10, 11, 12, 13, 14, 17, 18, 19, 20, 21, 22, 23, 24, 25, 26, 27, 28, 29], "summary": {"covered_lines": 22, "num_statements": 22, "percent_covered": 100.0, "percent_covered_display": "100", "missing_lines": 0, "excluded_lines": 0, "num_branches": 0, "num_partial_branches": 0, "covered_branches": 0, "missing_branches": 0}, "missing_lines": [], "excluded_lines": [], "contexts": {"17": [""], "6": [""], "2": [""], "3": [""], "7": [""], "8": [""], "9": [""], "10": [""], "11": [""], "12": [""], "13": [""], "14": [""], "18": [""], "19": [""], "20": [""], "21": [""], "22": [""], "23": [""], "24": [""], "25": [""], "26": [""], "27": [""], "28": [""], "29": [""]}, "executed_branches": [], "missing_branches": []}}}, "domain/errors.py": {"executed_lines": [2, 3, 4, 7, 8, 9, 10, 11, 12, 13, 14, 15, 16, 17, 18, 19, 20, 23, 24, 25, 26, 27, 28, 29, 31, 32, 34, 39, 42, 43, 44, 45, 46, 48, 49, 50, 52, 53, 56, 57, 58, 60, 61, 62, 64, 65, 76, 84, 93, 102, 111, 120, 121, 129, 138, 139, 147, 155], "summary": {"covered_lines": 54, "num_statements": 64, "percent_covered": 84.375, "percent_covered_display": "84", "missing_lines": 10, "excluded_lines": 2, "num_branches": 0, "num_partial_branches": 0, "covered_branches": 0, "missing_branches": 0}, "missing_lines": [54, 66, 77, 85, 94, 103, 112, 130, 148, 156], "excluded_lines": [34, 35], "contexts": {"139": [""], "121": [""], "62": [""], "58": [""], "50": [""], "42": [""], "32": [""], "23": [""], "7": [""], "2": [""], "3": [""], "4": [""], "8": [""], "9": [""], "10": [""], "11": [""], "12": [""], "13": [""], "14": [""], "15": [""], "16": [""], "17": [""], "18": [""], "19": [""], "20": [""], "24": [""], "25": [""], "39": [""], "26": [""], "27": [""], "28": [""], "29": [""], "31": [""], "34": [""], "43": [""], "44": [""], "76": [""], "45": [""], "46": [""], "48": [""], "49": [""], "52": [""], "53": [""], "56": [""], "57": [""], "60": [""], "61": [""], "64": [""], "65": [""], "84": [""], "93": [""], "102": [""], "111": [""], "120": [""], "129": [""], "122": [""], "123": [""], "124": [""], "125": [""], "138": [""], "147": [""], "140": [""], "141": [""], "142": [""], "143": [""], "155": [""]}, "executed_branches": [], "missing_branches": [], "functions": {"ApplicationError.__str__": {"executed_lines": [32], "summary": {"covered_lines": 1, "num_statements": 1, "percent_covered": 100.0, "percent_covered_display": "100", "missing_lines": 0, "excluded_lines": 0, "num_branches": 0, "num_partial_branches": 0, "covered_branches": 0, "missing_branches": 0}, "missing_lines": [], "excluded_lines": [], "contexts": {"139": [""], "121": [""], "62": [""], "58": [""], "50": [""], "42": [""], "32": [""], "23": [""], "7": [""], "2": [""], "3": [""], "4": [""], "8": [""], "9": [""], "10": [""], "11": [""], "12": [""], "13": [""], "14": [""], "15": [""], "16": [""], "17": [""], "18": [""], "19": [""], "20": [""], "24": [""], "25": [""], "39": [""], "26": [""], "27": [""], "28": [""], "29": [""], "31": [""], "34": [""], "43": [""], "44": [""], "76": [""], "45": [""], "46": [""], "48": [""], "49": [""], "52": [""], "53": [""], "56": [""], "57": [""], "60": [""], "61": [""], "64": [""], "65": [""], "84": [""], "93": [""], "102": [""], "111": [""], "120": [""], "129": [""], "122": [""], "123": [""], "124": [""], "125": [""], "138": [""], "147": [""], "140": [""], "141": [""], "142": [""], "143": [""], "155": [""]}, "executed_branches": [], "missing_branches": []}, "ApplicationError.__repr__": {"executed_lines": [], "summary": {"covered_lines": 0, "num_statements": 0, "percent_covered": 100.0, "percent_covered_display": "100", "missing_lines": 0, "excluded_lines": 1, "num_branches": 0, "num_partial_branches": 0, "covered_branches": 0, "missing_branches": 0}, "missing_lines": [], "excluded_lines": [35], "contexts": {"139": [""], "121": [""], "62": [""], "58": [""], "50": [""], "42": [""], "32": [""], "23": [""], "7": [""], "2": [""], "3": [""], "4": [""], "8": [""], "9": [""], "10": [""], "11": [""], "12": [""], "13": [""], "14": [""], "15": [""], "16": [""], "17": [""], "18": [""], "19": [""], "20": [""], "24": [""], "25": [""], "39": [""], "26": [""], "27": [""], "28": [""], "29": [""], "31": [""], "34": [""], "43": [""], "44": [""], "76": [""], "45": [""], "46": [""], "48": [""], "49": [""], "52": [""], "53": [""], "56": [""], "57": [""], "60": [""], "61": [""], "64": [""], "65": [""], "84": [""], "93": [""], "102": [""], "111": [""], "120": [""], "129": [""], "122": [""], "123": [""], "124": [""], "125": [""], "138": [""], "147": [""], "140": [""], "141": [""], "142": [""], "143": [""], "155": [""]}, "executed_branches": [], "missing_branches": []}, "Result.is_success": {"executed_lines": [50], "summary": {"covered_lines": 1, "num_statements": 1, "percent_covered": 100.0, "percent_covered_display": "100", "missing_lines": 0, "excluded_lines": 0, "num_branches": 0, "num_partial_branches": 0, "covered_branches": 0, "missing_branches": 0}, "missing_lines": [], "excluded_lines": [], "contexts": {"139": [""], "121": [""], "62": [""], "58": [""], "50": [""], "42": [""], "32": [""], "23": [""], "7": [""], "2": [""], "3": [""], "4": [""], "8": [""], "9": [""], "10": [""], "11": [""], "12": [""], "13": [""], "14": [""], "15": [""], "16": [""], "17": [""], "18": [""], "19": [""], "20": [""], "24": [""], "25": [""], "39": [""], "26": [""], "27": [""], "28": [""], "29": [""], "31": [""], "34": [""], "43": [""], "44": [""], "76": [""], "45": [""], "46": [""], "48": [""], "49": [""], "52": [""], "53": [""], "56": [""], "57": [""], "60": [""], "61": [""], "64": [""], "65": [""], "84": [""], "93": [""], "102": [""], "111": [""], "120": [""], "129": [""], "122": [""], "123": [""], "124": [""], "125": [""], "138": [""], "147": [""], "140": [""], "141": [""], "142": [""], "143": [""], "155": [""]}, "executed_branches": [], "missing_branches": []}, "Result.is_failure": {"executed_lines": [], "summary": {"covered_lines": 0, "num_statements": 1, "percent_covered": 0.0, "percent_covered_display": "0", "missing_lines": 1, "excluded_lines": 0, "num_branches": 0, "num_partial_branches": 0, "covered_branches": 0, "missing_branches": 0}, "missing_lines": [54], "excluded_lines": [], "contexts": {"139": [""], "121": [""], "62": [""], "58": [""], "50": [""], "42": [""], "32": [""], "23": [""], "7": [""], "2": [""], "3": [""], "4": [""], "8": [""], "9": [""], "10": [""], "11": [""], "12": [""], "13": [""], "14": [""], "15": [""], "16": [""], "17": [""], "18": [""], "19": [""], "20": [""], "24": [""], "25": [""], "39": [""], "26": [""], "27": [""], "28": [""], "29": [""], "31": [""], "34": [""], "43": [""], "44": [""], "76": [""], "45": [""], "46": [""], "48": [""], "49": [""], "52": [""], "53": [""], "56": [""], "57": [""], "60": [""], "61": [""], "64": [""], "65": [""], "84": [""], "93": [""], "102": [""], "111": [""], "120": [""], "129": [""], "122": [""], "123": [""], "124": [""], "125": [""], "138": [""], "147": [""], "140": [""], "141": [""], "142": [""], "143": [""], "155": [""]}, "executed_branches": [], "missing_branches": []}, "Result.success": {"executed_lines": [58], "summary": {"covered_lines": 1, "num_statements": 1, "percent_covered": 100.0, "percent_covered_display": "100", "missing_lines": 0, "excluded_lines": 0, "num_branches": 0, "num_partial_branches": 0, "covered_branches": 0, "missing_branches": 0}, "missing_lines": [], "excluded_lines": [], "contexts": {"139": [""], "121": [""], "62": [""], "58": [""], "50": [""], "42": [""], "32": [""], "23": [""], "7": [""], "2": [""], "3": [""], "4": [""], "8": [""], "9": [""], "10": [""], "11": [""], "12": [""], "13": [""], "14": [""], "15": [""], "16": [""], "17": [""], "18": [""], "19": [""], "20": [""], "24": [""], "25": [""], "39": [""], "26": [""], "27": [""], "28": [""], "29": [""], "31": [""], "34": [""], "43": [""], "44": [""], "76": [""], "45": [""], "46": [""], "48": [""], "49": [""], "52": [""], "53": [""], "56": [""], "57": [""], "60": [""], "61": [""], "64": [""], "65": [""], "84": [""], "93": [""], "102": [""], "111": [""], "120": [""], "129": [""], "122": [""], "123": [""], "124": [""], "125": [""], "138": [""], "147": [""], "140": [""], "141": [""], "142": [""], "143": [""], "155": [""]}, "executed_branches": [], "missing_branches": []}, "Result.failure": {"executed_lines": [62], "summary": {"covered_lines": 1, "num_statements": 1, "percent_covered": 100.0, "percent_covered_display": "100", "missing_lines": 0, "excluded_lines": 0, "num_branches": 0, "num_partial_branches": 0, "covered_branches": 0, "missing_branches": 0}, "missing_lines": [], "excluded_lines": [], "contexts": {"139": [""], "121": [""], "62": [""], "58": [""], "50": [""], "42": [""], "32": [""], "23": [""], "7": [""], "2": [""], "3": [""], "4": [""], "8": [""], "9": [""], "10": [""], "11": [""], "12": [""], "13": [""], "14": [""], "15": [""], "16": [""], "17": [""], "18": [""], "19": [""], "20": [""], "24": [""], "25": [""], "39": [""], "26": [""], "27": [""], "28": [""], "29": [""], "31": [""], "34": [""], "43": [""], "44": [""], "76": [""], "45": [""], "46": [""], "48": [""], "49": [""], "52": [""], "53": [""], "56": [""], "57": [""], "60": [""], "61": [""], "64": [""], "65": [""], "84": [""], "93": [""], "102": [""], "111": [""], "120": [""], "129": [""], "122": [""], "123": [""], "124": [""], "125": [""], "138": [""], "147": [""], "140": [""], "141": [""], "142": [""], "143": [""], "155": [""]}, "executed_branches": [], "missing_branches": []}, "Result.from_exception": {"executed_lines": [], "summary": {"covered_lines": 0, "num_statements": 1, "percent_covered": 0.0, "percent_covered_display": "0", "missing_lines": 1, "excluded_lines": 0, "num_branches": 0, "num_partial_branches": 0, "covered_branches": 0, "missing_branches": 0}, "missing_lines": [66], "excluded_lines": [], "contexts": {"139": [""], "121": [""], "62": [""], "58": [""], "50": [""], "42": [""], "32": [""], "23": [""], "7": [""], "2": [""], "3": [""], "4": [""], "8": [""], "9": [""], "10": [""], "11": [""], "12": [""], "13": [""], "14": [""], "15": [""], "16": [""], "17": [""], "18": [""], "19": [""], "20": [""], "24": [""], "25": [""], "39": [""], "26": [""], "27": [""], "28": [""], "29": [""], "31": [""], "34": [""], "43": [""], "44": [""], "76": [""], "45": [""], "46": [""], "48": [""], "
[...]
[207, 189]], "functions": {"TextCleaningService.__init__": {"executed_lines": [14, 17, 18, 19, 20, 23, 24, 25, 26], "summary": {"covered_lines": 9, "num_statements": 9, "percent_covered": 100.0, "percent_covered_display": "100", "missing_lines": 0, "excluded_lines": 0, "num_branches": 2, "num_partial_branches": 0, "covered_branches": 2, "missing_branches": 0}, "missing_lines": [], "excluded_lines": [], "contexts": {"215": [""], "179": [""], "97": [""], "62": [""], "39": [""], "30": [""], "14": [""], "10": [""], "2": [""], "3": [""], "4": [""], "6": [""], "7": [""], "11": [""], "13": [""], "28": [""], "17": [""], "18": [""], "23": [""], "19": [""], "20": [""], "26": [""], "24": [""], "25": [""], "37": [""], "32": [""], "34": [""], "35": [""], "60": [""], "42": [""], "46": [""], "49": [""], "50": [""], "51": [""], "58": [""], "52": [""], "54": [""], "55": [""], "56": [""], "79": [""], "64": [""], "65": [""], "67": [""], "70": [""], "71": [""], "73": [""], "74": [""], "75": [""], "95": [""], "131": [""], "100": [""], "110": [""], "114": [""], "115": [""], "116": [""], "117": [""], "123": [""], "118": [""], "121": [""], "125": [""], "177": [""], "212": [""], "180": [""], "182": [""], "183": [""], "186": [""], "187": [""], "189": [""], "190": [""], "210": [""], "191": [""], "194": [""], "198": [""], "200": [""], "207": [""], "201": [""], "204": [""], "205": [""], "208": [""], "218": [""], "219": [""], "220": [""], "222": [""]}, "executed_branches": [[17, 18], [17, 23]], "missing_branches": []}, "TextCleaningService.strip_ssml": {"executed_lines": [30, 32, 34, 35], "summary": {"covered_lines": 4, "num_statements": 4, "percent_covered": 100.0, "percent_covered_display": "100", "missing_lines": 0, "excluded_lines": 0, "num_branches": 0, "num_partial_branches": 0, "covered_branches": 0, "missing_branches": 0}, "missing_lines": [], "excluded_lines": [], "contexts": {"215": [""], "179": [""], "97": [""], "62": [""], "39": [""], "30": [""], "14": [""], "10": [""], "2": [""], "3": [""], "4": [""], "6": [""], "7": [""], "11": [""], "13": [""], "28": [""], "17": [""], "18": [""], "23": [""], "19": [""], "20": [""], "26": [""], "24": [""], "25": [""], "37": [""], "32": [""], "34": [""], "35": [""], "60": [""], "42": [""], "46": [""], "49": [""], "50": [""], "51": [""], "58": [""], "52": [""], "54": [""], "55": [""], "56": [""], "79": [""], "64": [""], "65": [""], "67": [""], "70": [""], "71": [""], "73": [""], "74": [""], "75": [""], "95": [""], "131": [""], "100": [""], "110": [""], "114": [""], "115": [""], "116": [""], "117": [""], "123": [""], "118": [""], "121": [""], "125": [""], "177": [""], "212": [""], "180": [""], "182": [""], "183": [""], "186": [""], "187": [""], "189": [""], "190": [""], "210": [""], "191": [""], "194": [""], "198": [""], "200": [""], "207": [""], "201": [""], "204": [""], "205": [""], "208": [""], "218": [""], "219": [""], "220": [""], "222": [""]}, "executed_branches": [], "missing_branches": []}, "TextCleaningService.split_into_sentences": {"executed_lines": [39, 42, 46, 49, 50, 51, 52, 54, 55, 56, 58], "summary": {"covered_lines": 11, "num_statements": 11, "percent_covered": 100.0, "percent_covered_display": "100", "missing_lines": 0, "excluded_lines": 0, "num_branches": 6, "num_partial_branches": 0, "covered_branches": 6, "missing_branches": 0}, "missing_lines": [], "excluded_lines": [], "contexts": {"215": [""], "179": [""], "97": [""], "62": [""], "39": [""], "30": [""], "14": [""], "10": [""], "2": [""], "3": [""], "4": [""], "6": [""], "7": [""], "11": [""], "13": [""], "28": [""], "17": [""], "18": [""], "23": [""], "19": [""], "20": [""], "26": [""], "24": [""], "25": [""], "37": [""], "32": [""], "34": [""], "35": [""], "60": [""], "42": [""], "46": [""], "49": [""], "50": [""], "51": [""], "58": [""], "52": [""], "54": [""], "55": [""], "56": [""], "79": [""], "64": [""], "65": [""], "67": [""], "70": [""], "71": [""], "73": [""], "74": [""], "75": [""], "95": [""], "131": [""], "100": [""], "110": [""], "114": [""], "115": [""], "116": [""], "117": [""], "123": [""], "118": [""], "121": [""], "125": [""], "177": [""], "212": [""], "180": [""], "182": [""], "183": [""], "186": [""], "187": [""], "189": [""], "190": [""], "210": [""], "191": [""], "194": [""], "198": [""], "200": [""], "207": [""], "201": [""], "204": [""], "205": [""], "208": [""], "218": [""], "219": [""], "220": [""], "222": [""]}, "executed_branches": [[50, 51], [50, 58], [52, 50], [52, 54], [54, 55], [54, 56]], "missing_branches": []}, "TextCleaningService.clean_text": {"executed_lines": [62, 64, 65, 67, 70, 71, 73, 74, 75], "summary": {"covered_lines": 9, "num_statements": 11, "percent_covered": 78.94736842105263, "percent_covered_display": "79", "missing_lines": 2, "excluded_lines": 0, "num_branches": 8, "num_partial_branches": 2, "covered_branches": 6, "missing_branches": 2}, "missing_lines": [68, 77], "excluded_lines": [], "contexts": {"215": [""], "179": [""], "97": [""], "62": [""], "39": [""], "30": [""], "14": [""], "10": [""], "2": [""], "3": [""], "4": [""], "6": [""], "7": [""], "11": [""], "13": [""], "28": [""], "17": [""], "18": [""], "23": [""], "19": [""], "20": [""], "26": [""], "24": [""], "25": [""], "37": [""], "32": [""], "34": [""], "35": [""], "60": [""], "42": [""], "46": [""], "49": [""], "50": [""], "51": [""], "58": [""], "52": [""], "54": [""], "55": [""], "56": [""], "79": [""], "64": [""], "65": [""], "67": [""], "70": [""], "71": [""], "73": [""], "74": [""], "75": [""], "95": [""], "131": [""], "100": [""], "110": [""], "114": [""], "115": [""], "116": [""], "117": [""], "123": [""], "118": [""], "121": [""], "125": [""], "177": [""], "212": [""], "180": [""], "182": [""], "183": [""], "186": [""], "187": [""], "189": [""], "190": [""], "210": [""], "191": [""], "194": [""], "198": [""], "200": [""], "207": [""], "201": [""], "204": [""], "205": [""], "208": [""], "218": [""], "219": [""], "220": [""], "222": [""]}, "executed_branches": [[64, 65], [64, 67], [67, 70], [70, 71], [70, 73], [73, 74]], "missing_branches": [[67, 68], [73, 77]]}, "TextCleaningService._process_large_text": {"executed_lines": [], "summary": {"covered_lines": 0, "num_statements": 10, "percent_covered": 0.0, "percent_covered_display": "0", "missing_lines": 10, "excluded_lines": 0, "num_branches": 4, "num_partial_branches": 0, "covered_branches": 0, "missing_branches": 4}, "missing_lines": [81, 82, 84, 85, 86, 87, 89, 90, 92, 93], "excluded_lines": [], "contexts": {"215": [""], "179": [""], "97": [""], "62": [""], "39": [""], "30": [""], "14": [""], "10": [""], "2": [""], "3": [""], "4": [""], "6": [""], "7": [""], "11": [""], "13": [""], "28": [""], "17": [""], "18": [""], "23": [""], "19": [""], "20": [""], "26": [""], "24": [""], "25": [""], "37": [""], "32": [""], "34": [""], "35": [""], "60": [""], "42": [""], "46": [""], "49": [""], "50": [""], "51": [""], "58": [""], "52": [""], "54": [""], "55": [""], "56": [""], "79": [""], "64": [""], "65": [""], "67": [""], "70": [""], "71": [""], "73": [""], "74": [""], "75": [""], "95": [""], "131": [""], "100": [""], "110": [""], "114": [""], "115": [""], "116": [""], "117": [""], "123": [""], "118": [""], "121": [""], "125": [""], "177": [""], "212": [""], "180": [""], "182": [""], "183": [""], "186": [""], "187": [""], "189": [""], "190": [""], "210": [""], "191": [""], "194": [""], "198": [""], "200": [""], "207": [""], "201": [""], "204": [""], "205": [""], "208": [""], "218": [""], "219": [""], "220": [""], "222": [""]}, "executed_branches": [], "missing_branches": [[84, 85], [84, 92], [86, 87], [86, 89]]}, "TextCleaningService._clean_chunk_for_tts": {"executed_lines": [97, 100, 114, 115, 116, 117, 118, 121, 123, 125], "summary": {"covered_lines": 10, "num_statements": 16, "percent_covered": 63.63636363636363, "percent_covered_display": "64", "missing_lines": 6, "excluded_lines": 0, "num_branches": 6, "num_partial_branches": 2, "covered_branches": 4, "missing_branches": 2}, "missing_lines": [98, 119, 120, 126, 127, 129], "excluded_lines": [], "contexts": {"215": [""], "179": [""], "97": [""], "62": [""], "39": [""], "30": [""], "14": [""], "10": [""], "2": [""], "3": [""], "4": [""], "6": [""], "7": [""], "11": [""], "13": [""], "28": [""], "17": [""], "18": [""], "23": [""], "19": [""], "20": [""], "26": [""], "24": [""], "25": [""], "37": [""], "32": [""], "34": [""], "35": [""], "60": [""], "42": [""], "46": [""], "49": [""], "50": [""], "51": [""], "58": [""], "52": [""], "54": [""], "55": [""], "56": [""], "79": [""], "64": [""], "65": [""], "67": [""], "70": [""], "71": [""], "73": [""], "74": [""], "75": [""], "95": [""], "131": [""], "100": [""], "110": [""], "114": [""], "115": [""], "116": [""], "117": [""], "123": [""], "118": [""], "121": [""], "125": [""], "177": [""], "212": [""], "180": [""], "182": [""], "183": [""], "186": [""], "187": [""], "189": [""], "190": [""], "210": [""], "191": [""], "194": [""], "198": [""], "200": [""], "207": [""], "201": [""], "204": [""], "205": [""], "208": [""], "218": [""], "219": [""], "220": [""], "222": [""]}, "executed_branches": [[97, 100], [116, 117], [116, 123], [118, 121]], "missing_branches": [[97, 98], [118, 119]]}, "TextCleaningService._smart_split": {"executed_lines": [], "summary": {"covered_lines": 0, "num_statements": 26, "percent_covered": 0.0, "percent_covered_display": "0", "missing_lines": 26, "excluded_lines": 0, "num_branches": 16, "num_partial_branches": 0, "covered_branches": 0, "missing_branches": 16}, "missing_lines": [133, 134, 136, 137, 139, 140, 143, 144, 145, 147, 152, 153, 155, 156, 158, 159, 160, 162, 165, 166, 167, 168, 170, 172, 173, 175], "excluded_lines": [], "contexts": {"215": [""], "179": [""], "97": [""], "62": [""], "39": [""], "30": [""], "14": [""], "10": [""], "2": [""], "3": [""], "4": [""], "6": [""], "7": [""], "11": [""], "13": [""], "28": [""], "17": [""], "18": [""], "23": [""], "19": [""], "20": [""], "26": [""], "24": [""], "25": [""], "37": [""], "32": [""], "34": [""], "35": [""], "60": [""], "42": [""], "46": [""], "49": [""], "50": [""], "51": [""], "58": [""], "52": [""], "54": [""], "55": [""], "56": [""], "79": [""], "64": [""], "65": [""], "67": [""], "70": [""], "71": [""], "73": [""], "74": [""], "75": [""], "95": [""], "131": [""], "100": [""], "110": [""], "114": [""], "115": [""], "116": [""], "117": [""], "123": [""], "118": [""], "121": [""], "125": [""], "177": [""], "212": [""], "180": [""], "182": [""], "183": [""], "186": [""], "187": [""], "189": [""], "190": [""], "210": [""], "191": [""], "194": [""], "198": [""], "200": [""], "207": [""], "201": [""], "204": [""], "205": [""], "208": [""], "218": [""], "219": [""], "220": [""], "222": [""]}, "executed_branches": [], "missing_branches": [[133, 134], [133, 136], [139, 140], [139, 172], [144, 145], [144, 147], [152, 153], [152, 155], [159, 160], [159, 162], [165, 139], [165, 166], [166, 167], [166, 170], [172, 173], [172, 175]]}, "TextCleaningService._chunk_for_audio": {"executed_lines": [179, 180, 182, 183, 186, 187, 189, 190, 191, 194, 198, 200, 201, 204, 205, 207, 208, 210], "summary": {"covered_lines": 18, "num_statements": 21, "percent_covered": 80.0, "percent_covered_display": "80", "missing_lines": 3, "excluded_lines": 0, "num_branches": 14, "num_partial_branches": 4, "covered_branches": 10, "missing_branches": 4}, "missing_lines": [192, 195, 202], "excluded_lines": [], "contexts": {"215": [""], "179": [""], "97": [""], "62": [""], "39": [""], "30": [""], "14": [""], "10": [""], "2": [""], "3": [""], "4": [""], "6": [""], "7": [""], "11": [""], "13": [""], "28": [""], "17": [""], "18": [""], "23": [""], "19": [""], "20": [""], "26": [""], "24": [""], "25": [""], "37": [""], "32": [""], "34": [""], "35": [""], "60": [""], "42": [""], "46": [""], "49": [""], "50": [""], "51": [""], "58": [""], "52": [""], "54": [""], "55": [""], "56": [""], "79": [""], "64": [""], "65": [""], "67": [""], "70": [""], "71": [""], "73": [""], "74": [""], "75": [""], "95": [""], "131": [""], "100": [""], "110": [""], "114": [""], "115": [""], "116": [""], "117": [""], "123": [""], "118": [""], "121": [""], "125": [""], "177": [""], "212": [""], "180": [""], "182": [""], "183": [""], "186": [""], "187": [""], "189": [""], "190": [""], "210": [""], "191": [""], "194": [""], "198": [""], "200": [""], "207": [""], "201": [""], "204": [""], "205": [""], "208": [""], "218": [""], "219": [""], "220": [""], "222": [""]}, "executed_branches": [[182, 183], [182, 186], [189, 190], [189, 210], [191, 194], [194, 198], [198, 200], [198, 207], [201, 204], [207, 208]], "missing_branches": [[191, 192], [194, 195], [201, 202], [207, 189]]}, "TextCleaningService._basic_tts_fallback": {"executed_lines": [215, 218, 219, 220, 222], "summary": {"covered_lines": 5, "num_statements": 5, "percent_covered": 100.0, "percent_covered_display": "100", "missing_lines": 0, "excluded_lines": 0, "num_branches": 2, "num_partial_branches": 0, "covered_branches": 2, "missing_branches": 0}, "missing_lines": [], "excluded_lines": [], "contexts": {"215": [""], "179": [""], "97": [""], "62": [""], "39": [""], "30": [""], "14": [""], "10": [""], "2": [""], "3": [""], "4": [""], "6": [""], "7": [""], "11": [""], "13": [""], "28": [""], "17": [""], "18": [""], "23": [""], "19": [""], "20": [""], "26": [""], "24": [""], "25": [""], "37": [""], "32": [""], "34": [""], "35": [""], "60": [""], "42": [""], "46": [""], "49": [""], "50": [""], "51": [""], "58": [""], "52": [""], "54": [""], "55": [""], "56": [""], "79": [""], "64": [""], "65": [""], "67": [""], "70": [""], "71": [""], "73": [""], "74": [""], "75": [""], "95": [""], "131": [""], "100": [""], "110": [""], "114": [""], "115": [""], "116": [""], "117": [""], "123": [""], "118": [""], "121": [""], "125": [""], "177": [""], "212": [""], "180": [""], "182": [""], "183": [""], "186": [""], "187": [""], "189": [""], "190": [""], "210": [""], "191": [""], "194": [""], "198": [""], "200": [""], "207": [""], "201": [""], "204": [""], "205": [""], "208": [""], "218": [""], "219": [""], "220": [""], "222": [""]}, "executed_branches": [[219, 220], [219, 222]], "missing_branches": []}, "": {"executed_lines": [2, 3, 4, 6, 7, 10, 11, 13, 28, 37, 60, 79, 95, 131, 177, 212], "summary": {"covered_lines": 15, "num_statements": 15, "percent_covered": 100.0, "percent_covered_display": "100", "missing_lines": 0, "excluded_lines": 0, "num_branches": 0, "num_partial_branches": 0, "covered_branches": 0, "missing_branches": 0}, "missing_lines": [], "excluded_lines": [], "contexts": {"215": [""], "179": [""], "97": [""], "62": [""], "39": [""], "30": [""], "14": [""], "10": [""], "2": [""], "3": [""], "4": [""], "6": [""], "7": [""], "11": [""], "13": [""], "28": [""], "17": [""], "18": [""], "23": [""], "19": [""], "20": [""], "26": [""], "24": [""], "25": [""], "37": [""], "32": [""], "34": [""], "35": [""], "60": [""], "42": [""], "46": [""], "49": [""], "50": [""], "51": [""], "58": [""], "52": [""], "54": [""], "55": [""], "56": [""], "79": [""], "64": [""], "65": [""], "67": [""], "70": [""], "71": [""], "73": [""], "74": [""], "75": [""], "95": [""], "131": [""], "100": [""], "110": [""], "114": [""], "115": [""], "116": [""], "117": [""], "123": [""], "118": [""], "121": [""], "125": [""], "177": [""], "212": [""], "180": [""], "182": [""], "183": [""], "186": [""], "187": [""], "189": [""], "190": [""], "210": [""], "191": [""], "194": [""], "198": [""], "200": [""], "207": [""], "201": [""], "204": [""], "205": [""], "208": [""], "218": [""], "219": [""], "220": [""], "222": [""]}, "executed_branches": [], "missing_branches": []}}, "classes": {"TextCleaningService": {"executed_lines": [14, 17, 18, 19, 20, 23, 24, 25, 26, 30, 32, 34, 35, 39, 42, 46, 49, 50, 51, 52, 54, 55, 56, 58, 62, 64, 65, 67, 70, 71, 73, 74, 75, 97, 100, 114, 115, 116, 117, 118, 121, 123, 125, 179, 180, 182, 183, 186, 187, 189, 190, 191, 194, 198, 200, 201, 204, 205, 207, 208, 210, 215, 218, 219, 220, 222], "summary": {"covered_lines": 66, "num_statements": 113, "percent_covered": 56.14035087719298, "percent_covered_display": "56", "missing_lines": 47, "excluded_lines": 0, "num_branches": 58, "num_partial_branches": 8, "covered_branches": 30, "missing_branches": 28}, "missing_lines": [68, 77, 81, 82, 84, 85, 86, 87, 89, 90, 92, 93, 98, 119, 120, 126, 127, 129, 133, 134, 136, 137, 139, 140, 143, 144, 145, 147, 152, 153, 155, 156, 158, 159, 160, 162, 165, 166, 167, 168, 170, 172, 173, 175, 192, 195, 202], "excluded_lines": [], "contexts": {"215": [""], "179": [""], "97": [""], "62": [""], "39": [""], "30": [""], "14": [""], "10": [""], "2": [""], "3": [""], "4": [""], "6": [""], "7": [""], "11": [""], "13": [""], "28": [""], "17": [""], "18": [""], "23": [""], "19": [""], "20": [""], "26": [""], "24": [""], "25": [""], "37": [""], "32": [""], "34": [""], "35": [""], "60": [""], "42": [""], "46": [""], "49": [""], "50": [""], "51": [""], "58": [""], "52": [""], "54": [""], "55": [""], "56": [""], "79": [""], "64": [""], "65": [""], "67": [""], "70": [""], "71": [""], "73": [""], "74": [""], "75": [""], "95": [""], "131": [""], "100": [""], "110": [""], "114": [""], "115": [""], "116": [""], "117": [""], "123": [""], "118": [""], "121": [""], "125": [""], "177": [""], "212": [""], "180": [""], "182": [""], "183": [""], "186": [""], "187": [""], "189": [""], "190": [""], "210": [""], "191": [""], "194": [""], "198": [""], "200": [""], "207": [""], "201": [""], "204": [""], "205": [""], "208": [""], "218": [""], "219": [""], "220": [""], "222": [""]}, "executed_branches": [[17, 18], [17, 23], [50, 51], [50, 58], [52, 50], [52, 54], [54, 55], [54, 56], [64, 65], [64, 67], [67, 70], [70, 71], [70, 73], [73, 74], [97, 100], [116, 117], [116, 123], [118, 121], [182, 183], [182, 186], [189, 190], [189, 210], [191, 194], [194, 198], [198, 200], [198, 207], [201, 204], [207, 208], [219, 220], [219, 222]], "missing_branches": [[67, 68], [73, 77], [84, 85], [84, 92], [86, 87], [86, 89], [97, 98], [118, 119], [133, 134], [133, 136], [139, 140], [139, 172], [144, 145], [144, 147], [152, 153], [152, 155], [159, 160], [159, 162], [165, 139], [165, 166], [166, 167], [166, 170], [172, 173], [172, 175], [191, 192], [194, 195], [201, 202], [207, 189]]}, "": {"executed_lines": [2, 3, 4, 6, 7, 10, 11, 13, 28, 37, 60, 79, 95, 131, 177, 212], "summary": {"covered_lines": 15, "num_statements": 15, "percent_covered": 100.0, "percent_covered_display": "100", "missing_lines": 0, "excluded_lines": 0, "num_branches": 0, "num_partial_branches": 0, "covered_branches": 0, "missing_branches": 0}, "missing_lines": [], "excluded_lines": [], "contexts": {"215": [""], "179": [""], "97": [""], "62": [""], "39": [""], "30": [""], "14": [""], "10": [""], "2": [""], "3": [""], "4": [""], "6": [""], "7": [""], "11": [""], "13": [""], "28": [""], "17": [""], "18": [""], "23": [""], "19": [""], "20": [""], "26": [""], "24": [""], "25": [""], "37": [""], "32": [""], "34": [""], "35": [""], "60": [""], "42": [""], "46": [""], "49": [""], "50": [""], "51": [""], "58": [""], "52": [""], "54": [""], "55": [""], "56": [""], "79": [""], "64": [""], "65": [""], "67": [""], "70": [""], "71": [""], "73": [""], "74": [""], "75": [""], "95": [""], "131": [""], "100": [""], "110": [""], "114": [""], "115": [""], "116": [""], "117": [""], "123": [""], "118": [""], "121": [""], "125": [""], "177": [""], "212": [""], "180": [""], "182": [""], "183": [""], "186": [""], "187": [""], "189": [""], "190": [""], "210": [""], "191": [""], "194": [""], "198": [""], "200": [""], "207": [""], "201": [""], "204": [""], "205": [""], "208": [""], "218": [""], "219": [""], "220": [""], "222": [""]}, "executed_branches": [], "missing_branches": []}}}}, "totals": {"covered_lines": 650, "num_statements": 1556, "percent_covered": 36.57548125633232, "percent_covered_display": "37", "missing_lines": 906, "excluded_lines": 126, "num_branches": 418, "num_partial_branches": 32, "covered_branches": 72, "missing_branches": 346}}